2025-10-22 10:42:51,009 INFO ======= Experiment Metadata =======
2025-10-22 10:42:51,009 INFO Simulation horizon (T)   : 250
2025-10-22 10:42:51,009 INFO Noise amplitude          : 0.1
2025-10-22 10:42:51,009 INFO Number of epochs         : 300
2025-10-22 10:42:51,009 INFO Epsilon for PSF          : 0.05
2025-10-22 10:42:51,009 INFO RENs dim_internal        : 10
2025-10-22 10:42:51,032 INFO obs_centers              : tensor([[1.0000, 0.5000]])
2025-10-22 10:42:51,032 INFO obs_covs                 : tensor([0.0050])
2025-10-22 10:42:51,032 INFO obs_vel                  : tensor([[-0.2000,  0.0000]])
2025-10-22 10:42:51,032 INFO Weight for state         : 0.03
2025-10-22 10:42:51,032 INFO Weight for control diff  : 2
2025-10-22 10:42:51,032 INFO Weight before loss_obs   : 3
2025-10-22 10:42:51,033 INFO state_lower_bound        : tensor([  0.5000, -20.0000])
2025-10-22 10:42:51,033 INFO state_upper_bound        : tensor([ 5.7832, 20.0000])
2025-10-22 10:42:51,033 INFO controller_lower_bound   : tensor([-3.])
2025-10-22 10:42:51,033 INFO controller_upper_bound   : tensor([3.])
2025-10-22 10:42:51,033 INFO noise_std                : 0.5
2025-10-22 10:42:51,033 INFO rho value (learned roll-out) : None
2025-10-22 10:42:51,033 INFO ===================================
2025-10-22 10:43:33,408 INFO [Eval] Before training: mean return over 5 inits = -2434.34
2025-10-22 10:43:33,418 INFO ✓ Saved initial 'best' checkpoint → /Users/danilo/Library/CloudStorage/OneDrive-epfl.ch/Drive/EPFL/Progetti attivi/PSF_PB_nonoise/results/PSF_SSM_NS_10_22_10_42_51/model_best.pth
2025-10-22 10:43:41,718 INFO Episode 1 | Reward_state: -520.901538 | Reward_control: -401.352524 | Reward_obs: -0.000000 | Total Reward: -999.155128 | Min_dis_obs: 0.938791 | 
2025-10-22 10:44:12,643 INFO [Eval] Epoch 000: mean return (5 inits) = -298.38
2025-10-22 10:44:12,652 INFO ✓ New best checkpoint (return=-298.38) → /Users/danilo/Library/CloudStorage/OneDrive-epfl.ch/Drive/EPFL/Progetti attivi/PSF_PB_nonoise/results/PSF_SSM_NS_10_22_10_42_51/model_best.pth
2025-10-22 10:44:28,833 INFO Episode 2 | Reward_state: -519.630549 | Reward_control: -374.800071 | Reward_obs: -0.000000 | Total Reward: -949.994509 | Min_dis_obs: 0.938791 | 
2025-10-22 10:44:56,933 INFO [Eval] Epoch 001: mean return (5 inits) = -403.04
2025-10-22 10:45:07,089 INFO Episode 3 | Reward_state: -477.535719 | Reward_control: -58.968695 | Reward_obs: -0.000000 | Total Reward: -647.980934 | Min_dis_obs: 0.666184 | 
2025-10-22 10:45:32,077 INFO [Eval] Epoch 002: mean return (5 inits) = -49660.12
2025-10-22 10:45:41,870 INFO Episode 4 | Reward_state: -418.148664 | Reward_control: -20939.141006 | Reward_obs: -2.257289 | Total Reward: -23122.585574 | Min_dis_obs: 0.234434 | 
2025-10-22 10:46:11,745 INFO [Eval] Epoch 003: mean return (5 inits) = -296.77
2025-10-22 10:46:11,754 INFO ✓ New best checkpoint (return=-296.77) → /Users/danilo/Library/CloudStorage/OneDrive-epfl.ch/Drive/EPFL/Progetti attivi/PSF_PB_nonoise/results/PSF_SSM_NS_10_22_10_42_51/model_best.pth
2025-10-22 10:46:22,224 INFO Episode 5 | Reward_state: -482.829775 | Reward_control: -32.549370 | Reward_obs: -0.000000 | Total Reward: -556.182310 | Min_dis_obs: 0.712161 | 
2025-10-22 10:46:52,509 INFO [Eval] Epoch 004: mean return (5 inits) = -295.79
2025-10-22 10:46:52,516 INFO ✓ New best checkpoint (return=-295.79) → /Users/danilo/Library/CloudStorage/OneDrive-epfl.ch/Drive/EPFL/Progetti attivi/PSF_PB_nonoise/results/PSF_SSM_NS_10_22_10_42_51/model_best.pth
2025-10-22 10:47:02,575 INFO Episode 6 | Reward_state: -519.952158 | Reward_control: -271.872819 | Reward_obs: -0.000000 | Total Reward: -932.100667 | Min_dis_obs: 0.938791 | 
2025-10-22 10:47:32,676 INFO [Eval] Epoch 005: mean return (5 inits) = -285.50
2025-10-22 10:47:32,684 INFO ✓ New best checkpoint (return=-285.50) → /Users/danilo/Library/CloudStorage/OneDrive-epfl.ch/Drive/EPFL/Progetti attivi/PSF_PB_nonoise/results/PSF_SSM_NS_10_22_10_42_51/model_best.pth
2025-10-22 10:47:49,199 INFO Episode 7 | Reward_state: -485.868452 | Reward_control: -99.465515 | Reward_obs: -0.000000 | Total Reward: -647.265295 | Min_dis_obs: 0.635174 | 
2025-10-22 10:48:18,677 INFO [Eval] Epoch 006: mean return (5 inits) = -296.54
2025-10-22 10:48:28,334 INFO Episode 8 | Reward_state: -518.313421 | Reward_control: -261.510680 | Reward_obs: -0.000000 | Total Reward: -902.424297 | Min_dis_obs: 0.936579 | 
2025-10-22 10:48:54,768 INFO [Eval] Epoch 007: mean return (5 inits) = -298.86
2025-10-22 10:49:04,239 INFO Episode 9 | Reward_state: -515.064256 | Reward_control: -203.606409 | Reward_obs: -0.000000 | Total Reward: -906.657369 | Min_dis_obs: 0.793073 | 
2025-10-22 10:49:30,418 INFO [Eval] Epoch 008: mean return (5 inits) = -300.65
2025-10-22 10:49:39,839 INFO Episode 10 | Reward_state: -434.872007 | Reward_control: -46.777257 | Reward_obs: -0.000000 | Total Reward: -518.482078 | Min_dis_obs: 0.639074 | 
2025-10-22 10:50:06,325 INFO [Eval] Epoch 009: mean return (5 inits) = -321.39
2025-10-22 10:50:15,849 INFO Episode 11 | Reward_state: -509.849504 | Reward_control: -49.368734 | Reward_obs: -0.000000 | Total Reward: -596.293697 | Min_dis_obs: 0.679545 | 
2025-10-22 10:50:42,549 INFO [Eval] Epoch 010: mean return (5 inits) = -315.20
2025-10-22 10:50:57,359 INFO Episode 12 | Reward_state: -519.854401 | Reward_control: -84.988774 | Reward_obs: -0.000000 | Total Reward: -673.165780 | Min_dis_obs: 0.938791 | 
2025-10-22 10:51:24,412 INFO [Eval] Epoch 011: mean return (5 inits) = -333.14
2025-10-22 10:51:33,696 INFO Episode 13 | Reward_state: -492.575653 | Reward_control: -46.756457 | Reward_obs: -0.000000 | Total Reward: -594.351290 | Min_dis_obs: 0.772848 | 
2025-10-22 10:52:01,071 INFO [Eval] Epoch 012: mean return (5 inits) = -1213.42
2025-10-22 10:52:10,848 INFO Episode 14 | Reward_state: -510.217882 | Reward_control: -84.275380 | Reward_obs: -0.000000 | Total Reward: -685.528775 | Min_dis_obs: 0.637160 | 
2025-10-22 10:52:38,010 INFO [Eval] Epoch 013: mean return (5 inits) = -1348.63
2025-10-22 10:52:47,686 INFO Episode 15 | Reward_state: -514.266899 | Reward_control: -144.713851 | Reward_obs: -0.000000 | Total Reward: -802.905379 | Min_dis_obs: 0.846437 | 
2025-10-22 10:53:14,824 INFO [Eval] Epoch 014: mean return (5 inits) = -1155.62
2025-10-22 10:53:24,795 INFO Episode 16 | Reward_state: -512.698688 | Reward_control: -54.459621 | Reward_obs: -0.000000 | Total Reward: -611.783936 | Min_dis_obs: 0.754980 | 
2025-10-22 10:53:52,069 INFO [Eval] Epoch 015: mean return (5 inits) = -2112.66
2025-10-22 10:54:07,256 INFO Episode 17 | Reward_state: -517.489904 | Reward_control: -172.694797 | Reward_obs: -0.000000 | Total Reward: -824.337467 | Min_dis_obs: 0.922824 | 
2025-10-22 10:54:34,544 INFO [Eval] Epoch 016: mean return (5 inits) = -755.76
2025-10-22 10:54:44,033 INFO Episode 18 | Reward_state: -514.087362 | Reward_control: -215.026950 | Reward_obs: -0.000000 | Total Reward: -879.405867 | Min_dis_obs: 0.888553 | 
2025-10-22 10:55:11,324 INFO [Eval] Epoch 017: mean return (5 inits) = -354.30
2025-10-22 10:55:20,786 INFO Episode 19 | Reward_state: -516.460712 | Reward_control: -184.404249 | Reward_obs: -0.000000 | Total Reward: -846.783479 | Min_dis_obs: 0.811406 | 
2025-10-22 10:55:47,774 INFO [Eval] Epoch 018: mean return (5 inits) = -341.79
2025-10-22 10:55:57,152 INFO Episode 20 | Reward_state: -514.089179 | Reward_control: -275.965194 | Reward_obs: -0.000000 | Total Reward: -987.108790 | Min_dis_obs: 0.699544 | 
2025-10-22 10:56:23,119 INFO [Eval] Epoch 019: mean return (5 inits) = -340.88
2025-10-22 10:56:32,626 INFO Episode 21 | Reward_state: -512.614890 | Reward_control: -122.034794 | Reward_obs: -0.000000 | Total Reward: -737.549843 | Min_dis_obs: 0.681723 | 
2025-10-22 10:56:58,460 INFO [Eval] Epoch 020: mean return (5 inits) = -345.38
2025-10-22 10:57:12,700 INFO Episode 22 | Reward_state: -514.192663 | Reward_control: -224.699709 | Reward_obs: -0.000000 | Total Reward: -783.112734 | Min_dis_obs: 0.717224 | 
2025-10-22 10:57:37,639 INFO [Eval] Epoch 021: mean return (5 inits) = -328.16
2025-10-22 10:57:46,819 INFO Episode 23 | Reward_state: -518.910222 | Reward_control: -199.985462 | Reward_obs: -0.000000 | Total Reward: -846.597209 | Min_dis_obs: 0.938791 | 
2025-10-22 10:58:12,234 INFO [Eval] Epoch 022: mean return (5 inits) = -321.31
2025-10-22 10:58:21,792 INFO Episode 24 | Reward_state: -511.846214 | Reward_control: -186.545006 | Reward_obs: -0.000000 | Total Reward: -822.107364 | Min_dis_obs: 0.681992 | 
2025-10-22 10:58:47,988 INFO [Eval] Epoch 023: mean return (5 inits) = -327.94
2025-10-22 10:58:57,495 INFO Episode 25 | Reward_state: -510.611179 | Reward_control: -221.582447 | Reward_obs: -0.000000 | Total Reward: -932.725385 | Min_dis_obs: 0.632592 | 
2025-10-22 10:59:23,841 INFO [Eval] Epoch 024: mean return (5 inits) = -320.33
2025-10-22 10:59:34,073 INFO Episode 26 | Reward_state: -502.050760 | Reward_control: -286.156899 | Reward_obs: -0.000000 | Total Reward: -1143.799480 | Min_dis_obs: 0.769275 | 
2025-10-22 10:59:59,279 INFO [Eval] Epoch 025: mean return (5 inits) = -352.00
2025-10-22 11:00:13,636 INFO Episode 27 | Reward_state: -515.781073 | Reward_control: -211.700965 | Reward_obs: -0.000000 | Total Reward: -954.640502 | Min_dis_obs: 0.741644 | 
2025-10-22 11:00:39,270 INFO [Eval] Epoch 026: mean return (5 inits) = -331.55
2025-10-22 11:00:48,592 INFO Episode 28 | Reward_state: -516.753113 | Reward_control: -106.456996 | Reward_obs: -0.000000 | Total Reward: -746.349141 | Min_dis_obs: 0.913771 | 
2025-10-22 11:01:12,626 INFO [Eval] Epoch 027: mean return (5 inits) = -380.34
2025-10-22 11:01:22,036 INFO Episode 29 | Reward_state: -510.899933 | Reward_control: -112.092097 | Reward_obs: -0.000000 | Total Reward: -715.307496 | Min_dis_obs: 0.848010 | 
2025-10-22 11:01:48,126 INFO [Eval] Epoch 028: mean return (5 inits) = -356.84
2025-10-22 11:01:57,434 INFO Episode 30 | Reward_state: -517.448568 | Reward_control: -212.223879 | Reward_obs: -0.000000 | Total Reward: -849.683737 | Min_dis_obs: 0.745741 | 
2025-10-22 11:02:21,847 INFO [Eval] Epoch 029: mean return (5 inits) = -401.73
2025-10-22 11:02:31,701 INFO Episode 31 | Reward_state: -495.988850 | Reward_control: -238.081408 | Reward_obs: -0.000000 | Total Reward: -1026.623505 | Min_dis_obs: 0.626982 | 
2025-10-22 11:02:56,570 INFO [Eval] Epoch 030: mean return (5 inits) = -370.21
2025-10-22 11:03:10,925 INFO Episode 32 | Reward_state: -512.573597 | Reward_control: -216.243398 | Reward_obs: -0.000000 | Total Reward: -890.493710 | Min_dis_obs: 0.869910 | 
2025-10-22 11:03:34,334 INFO [Eval] Epoch 031: mean return (5 inits) = -378.78
2025-10-22 11:03:45,153 INFO Episode 33 | Reward_state: -455.420135 | Reward_control: -297.656154 | Reward_obs: -0.000000 | Total Reward: -1045.074018 | Min_dis_obs: 0.829532 | 
2025-10-22 11:04:10,791 INFO [Eval] Epoch 032: mean return (5 inits) = -383.00
2025-10-22 11:04:21,752 INFO Episode 34 | Reward_state: -503.684542 | Reward_control: -107.562139 | Reward_obs: -0.000000 | Total Reward: -719.316332 | Min_dis_obs: 0.880622 | 
2025-10-22 11:04:45,002 INFO [Eval] Epoch 033: mean return (5 inits) = -403.28
2025-10-22 11:04:54,253 INFO Episode 35 | Reward_state: -512.138828 | Reward_control: -141.023517 | Reward_obs: -0.000000 | Total Reward: -714.210221 | Min_dis_obs: 0.679314 | 
2025-10-22 11:05:18,199 INFO [Eval] Epoch 034: mean return (5 inits) = -415.11
2025-10-22 11:05:27,767 INFO Episode 36 | Reward_state: -507.911445 | Reward_control: -166.788604 | Reward_obs: -0.000000 | Total Reward: -903.280759 | Min_dis_obs: 0.776548 | 
2025-10-22 11:05:51,959 INFO [Eval] Epoch 035: mean return (5 inits) = -417.65
2025-10-22 11:06:07,039 INFO Episode 37 | Reward_state: -508.112830 | Reward_control: -190.347374 | Reward_obs: -0.000000 | Total Reward: -969.381630 | Min_dis_obs: 0.938791 | 
2025-10-22 11:06:28,782 INFO [Eval] Epoch 036: mean return (5 inits) = -497.90
2025-10-22 11:06:38,968 INFO Episode 38 | Reward_state: -472.684318 | Reward_control: -176.990766 | Reward_obs: -0.000000 | Total Reward: -831.999596 | Min_dis_obs: 0.820158 | 
2025-10-22 11:07:01,206 INFO [Eval] Epoch 037: mean return (5 inits) = -538.24
2025-10-22 11:07:13,613 INFO Episode 39 | Reward_state: -507.336233 | Reward_control: -158.023619 | Reward_obs: -0.000000 | Total Reward: -827.210276 | Min_dis_obs: 0.925457 | 
2025-10-22 11:07:35,757 INFO [Eval] Epoch 038: mean return (5 inits) = -552.83
2025-10-22 11:07:46,122 INFO Episode 40 | Reward_state: -473.954917 | Reward_control: -183.455183 | Reward_obs: -0.000000 | Total Reward: -793.875162 | Min_dis_obs: 0.772698 | 
2025-10-22 11:08:08,302 INFO [Eval] Epoch 039: mean return (5 inits) = -608.47
2025-10-22 11:08:18,166 INFO Episode 41 | Reward_state: -511.291287 | Reward_control: -148.521043 | Reward_obs: -0.000000 | Total Reward: -714.489254 | Min_dis_obs: 0.733118 | 
2025-10-22 11:08:38,785 INFO [Eval] Epoch 040: mean return (5 inits) = -620.25
2025-10-22 11:08:52,530 INFO Episode 42 | Reward_state: -500.384441 | Reward_control: -72.743588 | Reward_obs: -0.000000 | Total Reward: -646.125035 | Min_dis_obs: 0.822589 | 
2025-10-22 11:09:12,103 INFO [Eval] Epoch 041: mean return (5 inits) = -646.76
2025-10-22 11:09:21,367 INFO Episode 43 | Reward_state: -492.751859 | Reward_control: -135.161058 | Reward_obs: -0.000000 | Total Reward: -787.399046 | Min_dis_obs: 0.656094 | 
2025-10-22 11:09:38,994 INFO [Eval] Epoch 042: mean return (5 inits) = -675.58
2025-10-22 11:09:48,343 INFO Episode 44 | Reward_state: -506.107931 | Reward_control: -49.433271 | Reward_obs: -0.000000 | Total Reward: -631.990508 | Min_dis_obs: 0.938791 | 
2025-10-22 11:10:06,312 INFO [Eval] Epoch 043: mean return (5 inits) = -916.41
2025-10-22 11:10:15,700 INFO Episode 45 | Reward_state: -519.183361 | Reward_control: -256.790929 | Reward_obs: -0.000000 | Total Reward: -921.885758 | Min_dis_obs: 0.814706 | 
2025-10-22 11:10:35,238 INFO [Eval] Epoch 044: mean return (5 inits) = -745.94
2025-10-22 11:10:44,769 INFO Episode 46 | Reward_state: -514.622876 | Reward_control: -150.950160 | Reward_obs: -0.000000 | Total Reward: -863.437409 | Min_dis_obs: 0.824157 | 
2025-10-22 11:10:59,122 INFO [Eval] Epoch 045: mean return (5 inits) = -606.89
2025-10-22 11:11:11,295 INFO Episode 47 | Reward_state: -500.838101 | Reward_control: -57.220773 | Reward_obs: -0.000000 | Total Reward: -630.581569 | Min_dis_obs: 0.838397 | 
2025-10-22 11:11:26,465 INFO [Eval] Epoch 046: mean return (5 inits) = -640.72
2025-10-22 11:11:35,783 INFO Episode 48 | Reward_state: -515.540111 | Reward_control: -75.539678 | Reward_obs: -0.000000 | Total Reward: -643.086866 | Min_dis_obs: 0.777632 | 
2025-10-22 11:11:51,158 INFO [Eval] Epoch 047: mean return (5 inits) = -596.95
2025-10-22 11:12:00,333 INFO Episode 49 | Reward_state: -493.185786 | Reward_control: -42.585901 | Reward_obs: -0.000000 | Total Reward: -593.590701 | Min_dis_obs: 0.656960 | 
2025-10-22 11:12:14,466 INFO [Eval] Epoch 048: mean return (5 inits) = -569.53
2025-10-22 11:12:25,305 INFO Episode 50 | Reward_state: -468.497014 | Reward_control: -7.278146 | Reward_obs: -0.000000 | Total Reward: -497.485596 | Min_dis_obs: 0.838741 | 
2025-10-22 11:12:41,657 INFO [Eval] Epoch 049: mean return (5 inits) = -572.42
2025-10-22 11:12:50,950 INFO Episode 51 | Reward_state: -498.350638 | Reward_control: -16.182377 | Reward_obs: -0.000000 | Total Reward: -546.449188 | Min_dis_obs: 0.836989 | 
2025-10-22 11:13:05,414 INFO [Eval] Epoch 050: mean return (5 inits) = -507.54
2025-10-22 11:13:17,208 INFO Episode 52 | Reward_state: -442.026558 | Reward_control: -8.788474 | Reward_obs: -0.000000 | Total Reward: -484.897133 | Min_dis_obs: 0.670986 | 
2025-10-22 11:13:31,992 INFO [Eval] Epoch 051: mean return (5 inits) = -563.27
2025-10-22 11:13:40,921 INFO Episode 53 | Reward_state: -470.153771 | Reward_control: -17.223814 | Reward_obs: -0.000000 | Total Reward: -524.908697 | Min_dis_obs: 0.659998 | 
2025-10-22 11:13:56,966 INFO [Eval] Epoch 052: mean return (5 inits) = -549.22
2025-10-22 11:14:06,357 INFO Episode 54 | Reward_state: -489.677283 | Reward_control: -46.750193 | Reward_obs: -0.000000 | Total Reward: -610.360819 | Min_dis_obs: 0.627253 | 
2025-10-22 11:14:20,076 INFO [Eval] Epoch 053: mean return (5 inits) = -473.67
2025-10-22 11:14:28,907 INFO Episode 55 | Reward_state: -391.431314 | Reward_control: -0.000000 | Reward_obs: -0.000000 | Total Reward: -414.036220 | Min_dis_obs: 0.750304 | 
2025-10-22 11:14:42,679 INFO [Eval] Epoch 054: mean return (5 inits) = -459.36
2025-10-22 11:14:51,430 INFO Episode 56 | Reward_state: -188.606880 | Reward_control: -0.000000 | Reward_obs: -0.000000 | Total Reward: -219.178871 | Min_dis_obs: 0.462128 | 
2025-10-22 11:15:03,412 INFO [Eval] Epoch 055: mean return (5 inits) = -1720.11
2025-10-22 11:15:14,522 INFO Episode 57 | Reward_state: -319.396904 | Reward_control: -0.000000 | Reward_obs: -0.000000 | Total Reward: -350.753056 | Min_dis_obs: 0.573546 | 
2025-10-22 11:15:28,243 INFO [Eval] Epoch 056: mean return (5 inits) = -481.54
2025-10-22 11:15:37,287 INFO Episode 58 | Reward_state: -480.782452 | Reward_control: -15.008912 | Reward_obs: -0.000000 | Total Reward: -530.760681 | Min_dis_obs: 0.806337 | 
2025-10-22 11:15:51,280 INFO [Eval] Epoch 057: mean return (5 inits) = -445.93
2025-10-22 11:16:00,377 INFO Episode 59 | Reward_state: -430.420405 | Reward_control: -35.082693 | Reward_obs: -0.000000 | Total Reward: -534.993257 | Min_dis_obs: 0.827055 | 
2025-10-22 11:16:13,665 INFO [Eval] Epoch 058: mean return (5 inits) = -417.28
2025-10-22 11:16:23,166 INFO Episode 60 | Reward_state: -469.302975 | Reward_control: -43.511246 | Reward_obs: -0.000000 | Total Reward: -600.873721 | Min_dis_obs: 0.645604 | 
2025-10-22 11:16:38,326 INFO [Eval] Epoch 059: mean return (5 inits) = -512.33
2025-10-22 11:16:50,151 INFO Episode 61 | Reward_state: -433.625751 | Reward_control: -0.000000 | Reward_obs: -0.000000 | Total Reward: -444.298665 | Min_dis_obs: 0.737257 | 
2025-10-22 11:17:03,565 INFO [Eval] Epoch 060: mean return (5 inits) = -480.01
2025-10-22 11:17:16,760 INFO Episode 62 | Reward_state: -423.769718 | Reward_control: -17.223274 | Reward_obs: -0.000000 | Total Reward: -477.816719 | Min_dis_obs: 0.659236 | 
2025-10-22 11:17:35,342 INFO [Eval] Epoch 061: mean return (5 inits) = -587.36
2025-10-22 11:17:44,701 INFO Episode 63 | Reward_state: -457.890753 | Reward_control: -40.403611 | Reward_obs: -0.000000 | Total Reward: -546.656550 | Min_dis_obs: 0.702119 | 
2025-10-22 11:17:57,847 INFO [Eval] Epoch 062: mean return (5 inits) = -373.66
2025-10-22 11:18:06,587 INFO Episode 64 | Reward_state: -265.596536 | Reward_control: -27.448680 | Reward_obs: -464.205074 | Total Reward: -809.605623 | Min_dis_obs: 0.022410 | 
2025-10-22 11:18:20,680 INFO [Eval] Epoch 063: mean return (5 inits) = -599.43
2025-10-22 11:18:29,693 INFO Episode 65 | Reward_state: -480.189258 | Reward_control: -45.205600 | Reward_obs: -0.000000 | Total Reward: -609.153568 | Min_dis_obs: 0.810061 | 
2025-10-22 11:18:43,559 INFO [Eval] Epoch 064: mean return (5 inits) = -464.34
2025-10-22 11:18:52,738 INFO Episode 66 | Reward_state: -424.395867 | Reward_control: -23.522661 | Reward_obs: -0.000000 | Total Reward: -504.158033 | Min_dis_obs: 0.547102 | 
2025-10-22 11:19:06,015 INFO [Eval] Epoch 065: mean return (5 inits) = -463.40
2025-10-22 11:19:17,836 INFO Episode 67 | Reward_state: -371.474770 | Reward_control: -13.163135 | Reward_obs: -0.000000 | Total Reward: -414.408442 | Min_dis_obs: 0.748264 | 
2025-10-22 11:19:32,035 INFO [Eval] Epoch 066: mean return (5 inits) = -323.37
2025-10-22 11:19:41,472 INFO Episode 68 | Reward_state: -319.721672 | Reward_control: -0.462865 | Reward_obs: -0.000000 | Total Reward: -333.789233 | Min_dis_obs: 0.555976 | 
2025-10-22 11:19:55,288 INFO [Eval] Epoch 067: mean return (5 inits) = -398.10
2025-10-22 11:20:03,910 INFO Episode 69 | Reward_state: -335.594818 | Reward_control: -0.000000 | Reward_obs: -0.000000 | Total Reward: -349.635662 | Min_dis_obs: 0.664753 | 
2025-10-22 11:20:17,084 INFO [Eval] Epoch 068: mean return (5 inits) = -309.85
2025-10-22 11:20:26,148 INFO Episode 70 | Reward_state: -350.280121 | Reward_control: -0.000000 | Reward_obs: -0.000000 | Total Reward: -368.389670 | Min_dis_obs: 0.556094 | 
2025-10-22 11:20:40,020 INFO [Eval] Epoch 069: mean return (5 inits) = -363.79
2025-10-22 11:20:48,801 INFO Episode 71 | Reward_state: -316.175982 | Reward_control: -0.000000 | Reward_obs: -0.000041 | Total Reward: -336.736173 | Min_dis_obs: 0.404122 | 
2025-10-22 11:21:02,466 INFO [Eval] Epoch 070: mean return (5 inits) = -295.44
2025-10-22 11:21:14,263 INFO Episode 72 | Reward_state: -314.260312 | Reward_control: -0.000000 | Reward_obs: -0.000000 | Total Reward: -325.424836 | Min_dis_obs: 0.624824 | 
2025-10-22 11:21:27,649 INFO [Eval] Epoch 071: mean return (5 inits) = -377.57
2025-10-22 11:21:36,190 INFO Episode 73 | Reward_state: -147.279884 | Reward_control: -0.000000 | Reward_obs: -0.000000 | Total Reward: -158.205676 | Min_dis_obs: 0.621999 | 
2025-10-22 11:21:47,294 INFO [Eval] Epoch 072: mean return (5 inits) = -1720.82
2025-10-22 11:21:55,595 INFO Episode 74 | Reward_state: -13.479850 | Reward_control: -0.000000 | Reward_obs: -1667.842320 | Total Reward: -1688.075702 | Min_dis_obs: 0.003580 | 
2025-10-22 11:22:08,870 INFO [Eval] Epoch 073: mean return (5 inits) = -773.97
2025-10-22 11:22:17,871 INFO Episode 75 | Reward_state: -330.809362 | Reward_control: -19.812190 | Reward_obs: -0.000001 | Total Reward: -393.625863 | Min_dis_obs: 0.452089 | 
2025-10-22 11:22:30,184 INFO [Eval] Epoch 074: mean return (5 inits) = -325.48
2025-10-22 11:22:38,767 INFO Episode 76 | Reward_state: -302.329477 | Reward_control: -0.000000 | Reward_obs: -0.000000 | Total Reward: -317.374663 | Min_dis_obs: 0.560709 | 
2025-10-22 11:22:51,791 INFO [Eval] Epoch 075: mean return (5 inits) = -342.27
2025-10-22 11:23:03,325 INFO Episode 77 | Reward_state: -313.134627 | Reward_control: -0.261624 | Reward_obs: -0.000000 | Total Reward: -335.977562 | Min_dis_obs: 0.626611 | 
2025-10-22 11:23:16,627 INFO [Eval] Epoch 076: mean return (5 inits) = -333.46
2025-10-22 11:23:25,577 INFO Episode 78 | Reward_state: -344.703202 | Reward_control: -2.965797 | Reward_obs: -0.000008 | Total Reward: -370.565431 | Min_dis_obs: 0.421162 | 
2025-10-22 11:23:39,366 INFO [Eval] Epoch 077: mean return (5 inits) = -509.50
2025-10-22 11:23:48,264 INFO Episode 79 | Reward_state: -369.240499 | Reward_control: -6.728657 | Reward_obs: -0.000000 | Total Reward: -397.017104 | Min_dis_obs: 0.722243 | 
2025-10-22 11:24:01,669 INFO [Eval] Epoch 078: mean return (5 inits) = -326.85
2025-10-22 11:24:10,474 INFO Episode 80 | Reward_state: -270.025008 | Reward_control: -0.000000 | Reward_obs: -0.000000 | Total Reward: -283.568656 | Min_dis_obs: 0.612879 | 
2025-10-22 11:24:23,996 INFO [Eval] Epoch 079: mean return (5 inits) = -401.70
2025-10-22 11:24:33,044 INFO Episode 81 | Reward_state: -310.930968 | Reward_control: -1.116742 | Reward_obs: -0.000000 | Total Reward: -327.636650 | Min_dis_obs: 0.752313 | 
2025-10-22 11:24:46,705 INFO [Eval] Epoch 080: mean return (5 inits) = -312.54
2025-10-22 11:24:58,487 INFO Episode 82 | Reward_state: -313.244675 | Reward_control: -0.000000 | Reward_obs: -0.000000 | Total Reward: -331.983137 | Min_dis_obs: 0.608292 | 
2025-10-22 11:25:13,183 INFO [Eval] Epoch 081: mean return (5 inits) = -303.21
2025-10-22 11:25:22,188 INFO Episode 83 | Reward_state: -278.683763 | Reward_control: -0.000000 | Reward_obs: -0.000000 | Total Reward: -290.646621 | Min_dis_obs: 0.672063 | 
2025-10-22 11:25:35,978 INFO [Eval] Epoch 082: mean return (5 inits) = -303.67
2025-10-22 11:25:45,182 INFO Episode 84 | Reward_state: -361.237175 | Reward_control: -0.000000 | Reward_obs: -0.000000 | Total Reward: -369.569209 | Min_dis_obs: 0.668138 | 
2025-10-22 11:25:58,784 INFO [Eval] Epoch 083: mean return (5 inits) = -408.92
2025-10-22 11:26:07,821 INFO Episode 85 | Reward_state: -317.265164 | Reward_control: -0.000000 | Reward_obs: -0.000000 | Total Reward: -335.773332 | Min_dis_obs: 0.711180 | 
2025-10-22 11:26:19,128 INFO [Eval] Epoch 084: mean return (5 inits) = -786.73
2025-10-22 11:26:27,778 INFO Episode 86 | Reward_state: -200.953247 | Reward_control: -0.000000 | Reward_obs: -0.000025 | Total Reward: -227.707324 | Min_dis_obs: 0.413515 | 
2025-10-22 11:26:39,738 INFO [Eval] Epoch 085: mean return (5 inits) = -79.84
2025-10-22 11:26:39,747 INFO ✓ New best checkpoint (return=-79.84) → /Users/danilo/Library/CloudStorage/OneDrive-epfl.ch/Drive/EPFL/Progetti attivi/PSF_PB_nonoise/results/PSF_SSM_NS_10_22_10_42_51/model_best.pth
2025-10-22 11:26:51,185 INFO Episode 87 | Reward_state: -34.494760 | Reward_control: -0.013480 | Reward_obs: -1849.267251 | Total Reward: -1887.544637 | Min_dis_obs: 0.003140 | 
2025-10-22 11:27:04,588 INFO [Eval] Epoch 086: mean return (5 inits) = -436.62
2025-10-22 11:27:13,383 INFO Episode 88 | Reward_state: -311.928029 | Reward_control: -0.000000 | Reward_obs: -0.000000 | Total Reward: -321.489165 | Min_dis_obs: 0.579622 | 
2025-10-22 11:27:26,850 INFO [Eval] Epoch 087: mean return (5 inits) = -379.56
2025-10-22 11:27:35,694 INFO Episode 89 | Reward_state: -315.532826 | Reward_control: -0.000000 | Reward_obs: -0.000000 | Total Reward: -324.334263 | Min_dis_obs: 0.691552 | 
2025-10-22 11:27:49,023 INFO [Eval] Epoch 088: mean return (5 inits) = -307.18
2025-10-22 11:27:57,794 INFO Episode 90 | Reward_state: -342.884435 | Reward_control: -1.248637 | Reward_obs: -0.000000 | Total Reward: -360.913657 | Min_dis_obs: 0.505696 | 
2025-10-22 11:28:10,988 INFO [Eval] Epoch 089: mean return (5 inits) = -351.02
2025-10-22 11:28:19,730 INFO Episode 91 | Reward_state: -369.655574 | Reward_control: -5.217612 | Reward_obs: -0.000000 | Total Reward: -397.658690 | Min_dis_obs: 0.661341 | 
2025-10-22 11:28:33,087 INFO [Eval] Epoch 090: mean return (5 inits) = -347.28
2025-10-22 11:28:44,693 INFO Episode 92 | Reward_state: -350.578496 | Reward_control: -0.000000 | Reward_obs: -0.000000 | Total Reward: -363.195949 | Min_dis_obs: 0.669965 | 
2025-10-22 11:28:58,071 INFO [Eval] Epoch 091: mean return (5 inits) = -310.15
2025-10-22 11:29:06,774 INFO Episode 93 | Reward_state: -104.142168 | Reward_control: -0.000000 | Reward_obs: -8.251433 | Total Reward: -122.993084 | Min_dis_obs: 0.216132 | 
2025-10-22 11:29:19,499 INFO [Eval] Epoch 092: mean return (5 inits) = -401.01
2025-10-22 11:29:28,168 INFO Episode 94 | Reward_state: -245.580540 | Reward_control: -0.000000 | Reward_obs: -0.000000 | Total Reward: -256.485883 | Min_dis_obs: 0.490478 | 
2025-10-22 11:29:41,630 INFO [Eval] Epoch 093: mean return (5 inits) = -285.72
2025-10-22 11:29:50,399 INFO Episode 95 | Reward_state: -308.004419 | Reward_control: -0.000000 | Reward_obs: -0.000000 | Total Reward: -319.455657 | Min_dis_obs: 0.467900 | 
2025-10-22 11:30:03,600 INFO [Eval] Epoch 094: mean return (5 inits) = -303.13
2025-10-22 11:30:12,487 INFO Episode 96 | Reward_state: -405.355504 | Reward_control: -80.036381 | Reward_obs: -0.000000 | Total Reward: -539.875774 | Min_dis_obs: 0.503869 | 
2025-10-22 11:30:26,284 INFO [Eval] Epoch 095: mean return (5 inits) = -394.95
2025-10-22 11:30:38,092 INFO Episode 97 | Reward_state: -361.246530 | Reward_control: -0.317526 | Reward_obs: -0.000000 | Total Reward: -370.916118 | Min_dis_obs: 0.605281 | 
2025-10-22 11:30:51,787 INFO [Eval] Epoch 096: mean return (5 inits) = -439.77
2025-10-22 11:31:00,460 INFO Episode 98 | Reward_state: -98.533775 | Reward_control: -0.126424 | Reward_obs: -1861.283107 | Total Reward: -1970.059309 | Min_dis_obs: 0.002516 | 
2025-10-22 11:31:18,446 INFO [Eval] Epoch 097: mean return (5 inits) = -1144.61
2025-10-22 11:31:27,245 INFO Episode 99 | Reward_state: -336.283371 | Reward_control: -104.117836 | Reward_obs: -310.624239 | Total Reward: -865.715427 | Min_dis_obs: 0.017858 | 
2025-10-22 11:31:39,668 INFO [Eval] Epoch 098: mean return (5 inits) = -332.09
2025-10-22 11:31:48,425 INFO Episode 100 | Reward_state: -366.321444 | Reward_control: -0.000000 | Reward_obs: -0.000000 | Total Reward: -375.227726 | Min_dis_obs: 0.502594 | 
2025-10-22 11:32:01,950 INFO [Eval] Epoch 099: mean return (5 inits) = -410.23
2025-10-22 11:32:10,568 INFO Episode 101 | Reward_state: -220.272482 | Reward_control: -2.736258 | Reward_obs: -0.000000 | Total Reward: -235.060608 | Min_dis_obs: 0.529871 | 
2025-10-22 11:32:22,651 INFO [Eval] Epoch 100: mean return (5 inits) = -1729.04
2025-10-22 11:32:35,717 INFO Episode 102 | Reward_state: -16.582471 | Reward_control: -0.000839 | Reward_obs: -1692.992487 | Total Reward: -1728.863137 | Min_dis_obs: 0.000005 | 
2025-10-22 11:32:48,047 INFO [Eval] Epoch 101: mean return (5 inits) = -550.04
2025-10-22 11:32:56,737 INFO Episode 103 | Reward_state: -229.599513 | Reward_control: -0.000000 | Reward_obs: -0.000000 | Total Reward: -243.695530 | Min_dis_obs: 0.586421 | 
2025-10-22 11:33:08,011 INFO [Eval] Epoch 102: mean return (5 inits) = -1709.97
2025-10-22 11:33:16,971 INFO Episode 104 | Reward_state: -20.702488 | Reward_control: -0.000187 | Reward_obs: -1690.118915 | Total Reward: -1716.707750 | Min_dis_obs: 0.002354 | 
2025-10-22 11:33:28,046 INFO [Eval] Epoch 103: mean return (5 inits) = -1710.13
2025-10-22 11:33:36,669 INFO Episode 105 | Reward_state: -17.640768 | Reward_control: -0.000554 | Reward_obs: -1694.645778 | Total Reward: -1717.113400 | Min_dis_obs: 0.000823 | 
2025-10-22 11:33:48,022 INFO [Eval] Epoch 104: mean return (5 inits) = -1722.51
2025-10-22 11:33:57,542 INFO Episode 106 | Reward_state: -17.420039 | Reward_control: -0.000415 | Reward_obs: -1692.692191 | Total Reward: -1714.833544 | Min_dis_obs: 0.000055 | 
2025-10-22 11:34:11,198 INFO [Eval] Epoch 105: mean return (5 inits) = -369.28
2025-10-22 11:34:23,148 INFO Episode 107 | Reward_state: -359.746860 | Reward_control: -0.000000 | Reward_obs: -0.000000 | Total Reward: -367.413015 | Min_dis_obs: 0.685971 | 
2025-10-22 11:34:36,763 INFO [Eval] Epoch 106: mean return (5 inits) = -360.45
2025-10-22 11:34:46,708 INFO Episode 108 | Reward_state: -127.180480 | Reward_control: -0.000648 | Reward_obs: -1162.463897 | Total Reward: -1294.959472 | Min_dis_obs: 0.003270 | 
2025-10-22 11:34:58,619 INFO [Eval] Epoch 107: mean return (5 inits) = -1715.79
2025-10-22 11:35:07,541 INFO Episode 109 | Reward_state: -252.359231 | Reward_control: -0.000000 | Reward_obs: -0.000000 | Total Reward: -260.859224 | Min_dis_obs: 0.524536 | 
2025-10-22 11:35:19,924 INFO [Eval] Epoch 108: mean return (5 inits) = -1714.18
2025-10-22 11:35:28,469 INFO Episode 110 | Reward_state: -66.161865 | Reward_control: -0.000002 | Reward_obs: -1969.339630 | Total Reward: -2038.487843 | Min_dis_obs: 0.004554 | 
2025-10-22 11:35:41,967 INFO [Eval] Epoch 109: mean return (5 inits) = -327.34
2025-10-22 11:35:51,249 INFO Episode 111 | Reward_state: -93.194258 | Reward_control: -0.000849 | Reward_obs: -1151.243719 | Total Reward: -1247.857105 | Min_dis_obs: 0.006132 | 
2025-10-22 11:36:03,380 INFO [Eval] Epoch 110: mean return (5 inits) = -1446.37
2025-10-22 11:36:18,752 INFO Episode 112 | Reward_state: -19.483269 | Reward_control: -0.003094 | Reward_obs: -1692.862418 | Total Reward: -1717.913117 | Min_dis_obs: 0.000077 | 
2025-10-22 11:36:32,013 INFO [Eval] Epoch 111: mean return (5 inits) = -1710.81
2025-10-22 11:36:41,521 INFO Episode 113 | Reward_state: -455.239096 | Reward_control: -62.141239 | Reward_obs: -0.000000 | Total Reward: -593.035169 | Min_dis_obs: 0.508578 | 
2025-10-22 11:36:55,223 INFO [Eval] Epoch 112: mean return (5 inits) = -487.97
2025-10-22 11:37:04,022 INFO Episode 114 | Reward_state: -441.131756 | Reward_control: -16.488450 | Reward_obs: -0.000000 | Total Reward: -494.372453 | Min_dis_obs: 0.820391 | 
2025-10-22 11:37:17,441 INFO [Eval] Epoch 113: mean return (5 inits) = -486.47
2025-10-22 11:37:26,249 INFO Episode 115 | Reward_state: -406.782551 | Reward_control: -0.000000 | Reward_obs: -0.000000 | Total Reward: -411.686813 | Min_dis_obs: 0.757566 | 
2025-10-22 11:37:39,867 INFO [Eval] Epoch 114: mean return (5 inits) = -441.21
2025-10-22 11:37:49,231 INFO Episode 116 | Reward_state: -413.089345 | Reward_control: -0.000000 | Reward_obs: -0.000000 | Total Reward: -419.552905 | Min_dis_obs: 0.808134 | 
2025-10-22 11:38:02,713 INFO [Eval] Epoch 115: mean return (5 inits) = -576.25
2025-10-22 11:38:16,234 INFO Episode 117 | Reward_state: -18.663072 | Reward_control: -0.000028 | Reward_obs: -1694.797949 | Total Reward: -1716.143161 | Min_dis_obs: 0.000134 | 
2025-10-22 11:38:28,440 INFO [Eval] Epoch 116: mean return (5 inits) = -875.59
2025-10-22 11:38:37,822 INFO Episode 118 | Reward_state: -31.625473 | Reward_control: -0.000064 | Reward_obs: -1692.952948 | Total Reward: -1731.065902 | Min_dis_obs: 0.000002 | 
2025-10-22 11:38:49,600 INFO [Eval] Epoch 117: mean return (5 inits) = -1709.11
2025-10-22 11:38:58,931 INFO Episode 119 | Reward_state: -5.684620 | Reward_control: -0.000006 | Reward_obs: -1692.753751 | Total Reward: -1703.028116 | Min_dis_obs: 0.000029 | 
2025-10-22 11:39:12,936 INFO [Eval] Epoch 118: mean return (5 inits) = -428.94
2025-10-22 11:39:21,956 INFO Episode 120 | Reward_state: -392.729471 | Reward_control: -0.973292 | Reward_obs: -0.000000 | Total Reward: -409.454541 | Min_dis_obs: 0.821827 | 
2025-10-22 11:39:35,523 INFO [Eval] Epoch 119: mean return (5 inits) = -368.50
2025-10-22 11:39:44,282 INFO Episode 121 | Reward_state: -281.165660 | Reward_control: -0.000000 | Reward_obs: -0.000000 | Total Reward: -694.182532 | Min_dis_obs: 0.761190 | 
2025-10-22 11:39:56,298 INFO [Eval] Epoch 120: mean return (5 inits) = -1737.56
2025-10-22 11:40:07,854 INFO Episode 122 | Reward_state: -367.485774 | Reward_control: -0.000000 | Reward_obs: -0.000000 | Total Reward: -377.599957 | Min_dis_obs: 0.689398 | 
2025-10-22 11:40:22,112 INFO [Eval] Epoch 121: mean return (5 inits) = -366.23
2025-10-22 11:40:31,303 INFO Episode 123 | Reward_state: -337.920025 | Reward_control: -0.981101 | Reward_obs: -0.000000 | Total Reward: -354.984369 | Min_dis_obs: 0.738704 | 
2025-10-22 11:40:44,478 INFO [Eval] Epoch 122: mean return (5 inits) = -397.51
2025-10-22 11:40:53,197 INFO Episode 124 | Reward_state: -373.436352 | Reward_control: -0.000000 | Reward_obs: -0.000000 | Total Reward: -386.910628 | Min_dis_obs: 0.577740 | 
2025-10-22 11:41:06,803 INFO [Eval] Epoch 123: mean return (5 inits) = -395.92
2025-10-22 11:41:15,622 INFO Episode 125 | Reward_state: -362.070807 | Reward_control: -0.000000 | Reward_obs: -0.000000 | Total Reward: -371.982337 | Min_dis_obs: 0.776813 | 
2025-10-22 11:41:29,345 INFO [Eval] Epoch 124: mean return (5 inits) = -373.93
2025-10-22 11:41:38,472 INFO Episode 126 | Reward_state: -335.731273 | Reward_control: -0.000000 | Reward_obs: -0.000000 | Total Reward: -351.334106 | Min_dis_obs: 0.716553 | 
2025-10-22 11:41:50,951 INFO [Eval] Epoch 125: mean return (5 inits) = -4978.75
2025-10-22 11:42:02,391 INFO Episode 127 | Reward_state: -16.908199 | Reward_control: -0.000000 | Reward_obs: -1645.021864 | Total Reward: -3894.974498 | Min_dis_obs: 0.007508 | 
2025-10-22 11:42:15,874 INFO [Eval] Epoch 126: mean return (5 inits) = -391.81
2025-10-22 11:42:24,931 INFO Episode 128 | Reward_state: -380.346443 | Reward_control: -0.963754 | Reward_obs: -0.000000 | Total Reward: -392.948874 | Min_dis_obs: 0.697790 | 
2025-10-22 11:42:38,748 INFO [Eval] Epoch 127: mean return (5 inits) = -402.26
2025-10-22 11:42:47,659 INFO Episode 129 | Reward_state: -365.117047 | Reward_control: -2.015129 | Reward_obs: -0.000000 | Total Reward: -385.170932 | Min_dis_obs: 0.588898 | 
2025-10-22 11:43:01,172 INFO [Eval] Epoch 128: mean return (5 inits) = -440.21
2025-10-22 11:43:09,799 INFO Episode 130 | Reward_state: -67.939519 | Reward_control: -0.000000 | Reward_obs: -1239.882837 | Total Reward: -2867.301952 | Min_dis_obs: 0.044426 | 
2025-10-22 11:43:23,224 INFO [Eval] Epoch 129: mean return (5 inits) = -397.73
2025-10-22 11:43:31,847 INFO Episode 131 | Reward_state: -63.992338 | Reward_control: -2.135777 | Reward_obs: -1462.160519 | Total Reward: -2772.158672 | Min_dis_obs: 0.039442 | 
2025-10-22 11:43:45,459 INFO [Eval] Epoch 130: mean return (5 inits) = -429.76
2025-10-22 11:43:57,007 INFO Episode 132 | Reward_state: -131.875506 | Reward_control: -0.000000 | Reward_obs: -0.000038 | Total Reward: -756.628254 | Min_dis_obs: 0.412771 | 
2025-10-22 11:44:10,316 INFO [Eval] Epoch 131: mean return (5 inits) = -365.95
2025-10-22 11:44:18,964 INFO Episode 133 | Reward_state: -111.041148 | Reward_control: -2.298388 | Reward_obs: -409.446911 | Total Reward: -3267.903812 | Min_dis_obs: 0.101429 | 
2025-10-22 11:44:31,879 INFO [Eval] Epoch 132: mean return (5 inits) = -1150.73
2025-10-22 11:44:40,767 INFO Episode 134 | Reward_state: -385.486186 | Reward_control: -64.464338 | Reward_obs: -0.000000 | Total Reward: -516.702426 | Min_dis_obs: 0.773548 | 
2025-10-22 11:44:54,246 INFO [Eval] Epoch 133: mean return (5 inits) = -373.98
2025-10-22 11:45:03,052 INFO Episode 135 | Reward_state: -362.143373 | Reward_control: -12.700123 | Reward_obs: -0.000000 | Total Reward: -403.829360 | Min_dis_obs: 0.649585 | 
2025-10-22 11:45:16,637 INFO [Eval] Epoch 134: mean return (5 inits) = -432.18
2025-10-22 11:45:25,482 INFO Episode 136 | Reward_state: -336.037825 | Reward_control: -22.771799 | Reward_obs: -0.000000 | Total Reward: -396.699281 | Min_dis_obs: 0.658633 | 
2025-10-22 11:45:38,324 INFO [Eval] Epoch 135: mean return (5 inits) = -978.15
2025-10-22 11:45:49,889 INFO Episode 137 | Reward_state: -123.261117 | Reward_control: -0.000000 | Reward_obs: -0.178709 | Total Reward: -571.276494 | Min_dis_obs: 0.282410 | 
2025-10-22 11:46:01,736 INFO [Eval] Epoch 136: mean return (5 inits) = -2525.99
2025-10-22 11:46:10,287 INFO Episode 138 | Reward_state: -34.759423 | Reward_control: -14.662689 | Reward_obs: -1754.766980 | Total Reward: -2419.195013 | Min_dis_obs: 0.021293 | 
2025-10-22 11:46:23,530 INFO [Eval] Epoch 137: mean return (5 inits) = -419.26
2025-10-22 11:46:32,321 INFO Episode 139 | Reward_state: -369.100853 | Reward_control: -22.509076 | Reward_obs: -0.000000 | Total Reward: -444.192801 | Min_dis_obs: 0.534035 | 
2025-10-22 11:46:45,993 INFO [Eval] Epoch 138: mean return (5 inits) = -440.56
2025-10-22 11:46:54,896 INFO Episode 140 | Reward_state: -357.716468 | Reward_control: -16.593155 | Reward_obs: -0.000000 | Total Reward: -400.867748 | Min_dis_obs: 0.763648 | 
2025-10-22 11:47:08,414 INFO [Eval] Epoch 139: mean return (5 inits) = -352.87
2025-10-22 11:47:17,103 INFO Episode 141 | Reward_state: -199.012007 | Reward_control: -0.000000 | Reward_obs: -0.000000 | Total Reward: -397.212548 | Min_dis_obs: 0.650879 | 
2025-10-22 11:47:30,597 INFO [Eval] Epoch 140: mean return (5 inits) = -269.28
2025-10-22 11:47:44,291 INFO Episode 142 | Reward_state: -358.571831 | Reward_control: -1.255647 | Reward_obs: -0.000000 | Total Reward: -369.760908 | Min_dis_obs: 0.553693 | 
2025-10-22 11:47:56,967 INFO [Eval] Epoch 141: mean return (5 inits) = -297.14
2025-10-22 11:48:06,121 INFO Episode 143 | Reward_state: -303.838957 | Reward_control: -0.000000 | Reward_obs: -0.000000 | Total Reward: -317.313293 | Min_dis_obs: 0.549189 | 
2025-10-22 11:48:20,251 INFO [Eval] Epoch 142: mean return (5 inits) = -359.84
2025-10-22 11:48:30,083 INFO Episode 144 | Reward_state: -258.885340 | Reward_control: -0.000000 | Reward_obs: -0.000000 | Total Reward: -273.227404 | Min_dis_obs: 0.669729 | 
2025-10-22 11:48:43,190 INFO [Eval] Epoch 143: mean return (5 inits) = -263.25
2025-10-22 11:48:52,104 INFO Episode 145 | Reward_state: -313.626077 | Reward_control: -0.000000 | Reward_obs: -0.000000 | Total Reward: -330.383434 | Min_dis_obs: 0.625255 | 
2025-10-22 11:49:06,074 INFO [Eval] Epoch 144: mean return (5 inits) = -348.44
2025-10-22 11:49:14,850 INFO Episode 146 | Reward_state: -306.593120 | Reward_control: -0.000000 | Reward_obs: -0.000000 | Total Reward: -327.037245 | Min_dis_obs: 0.633844 | 
2025-10-22 11:49:28,801 INFO [Eval] Epoch 145: mean return (5 inits) = -316.14
2025-10-22 11:49:42,555 INFO Episode 147 | Reward_state: -258.948661 | Reward_control: -7.761835 | Reward_obs: -0.000000 | Total Reward: -304.835329 | Min_dis_obs: 0.569474 | 
2025-10-22 11:49:56,341 INFO [Eval] Epoch 146: mean return (5 inits) = -350.31
2025-10-22 11:50:05,284 INFO Episode 148 | Reward_state: -338.026528 | Reward_control: -23.785833 | Reward_obs: -0.000000 | Total Reward: -435.297837 | Min_dis_obs: 0.682836 | 
2025-10-22 11:50:19,422 INFO [Eval] Epoch 147: mean return (5 inits) = -462.72
2025-10-22 11:50:28,289 INFO Episode 149 | Reward_state: -414.398281 | Reward_control: -39.426432 | Reward_obs: -0.000000 | Total Reward: -505.912115 | Min_dis_obs: 0.701224 | 
2025-10-22 11:50:41,817 INFO [Eval] Epoch 148: mean return (5 inits) = -481.09
2025-10-22 11:50:50,635 INFO Episode 150 | Reward_state: -419.760470 | Reward_control: -12.802950 | Reward_obs: -0.000000 | Total Reward: -464.575394 | Min_dis_obs: 0.799868 | 
2025-10-22 11:51:04,102 INFO [Eval] Epoch 149: mean return (5 inits) = -401.74
2025-10-22 11:51:13,001 INFO Episode 151 | Reward_state: -426.581941 | Reward_control: -16.757056 | Reward_obs: -0.000000 | Total Reward: -482.346181 | Min_dis_obs: 0.713758 | 
2025-10-22 11:51:26,501 INFO [Eval] Epoch 150: mean return (5 inits) = -420.35
2025-10-22 11:51:38,238 INFO Episode 152 | Reward_state: -280.754829 | Reward_control: -20.597142 | Reward_obs: -0.072997 | Total Reward: -350.845885 | Min_dis_obs: 0.306782 | 
2025-10-22 11:51:51,658 INFO [Eval] Epoch 151: mean return (5 inits) = -459.29
2025-10-22 11:52:00,546 INFO Episode 153 | Reward_state: -435.122431 | Reward_control: -2.044769 | Reward_obs: -0.000000 | Total Reward: -448.856540 | Min_dis_obs: 0.779813 | 
2025-10-22 11:52:13,860 INFO [Eval] Epoch 152: mean return (5 inits) = -488.23
2025-10-22 11:52:22,694 INFO Episode 154 | Reward_state: -410.651552 | Reward_control: -4.143543 | Reward_obs: -0.000000 | Total Reward: -431.326142 | Min_dis_obs: 0.802646 | 
2025-10-22 11:52:36,379 INFO [Eval] Epoch 153: mean return (5 inits) = -448.53
2025-10-22 11:52:45,193 INFO Episode 155 | Reward_state: -389.889709 | Reward_control: -2.425993 | Reward_obs: -0.000000 | Total Reward: -400.669783 | Min_dis_obs: 0.714559 | 
2025-10-22 11:52:58,464 INFO [Eval] Epoch 154: mean return (5 inits) = -348.83
2025-10-22 11:53:07,259 INFO Episode 156 | Reward_state: -335.737820 | Reward_control: -7.256745 | Reward_obs: -0.000000 | Total Reward: -365.165299 | Min_dis_obs: 0.576295 | 
2025-10-22 11:53:20,262 INFO [Eval] Epoch 155: mean return (5 inits) = -449.11
2025-10-22 11:53:32,122 INFO Episode 157 | Reward_state: -399.527583 | Reward_control: -53.574199 | Reward_obs: -0.000001 | Total Reward: -538.256185 | Min_dis_obs: 0.445213 | 
2025-10-22 11:53:46,144 INFO [Eval] Epoch 156: mean return (5 inits) = -588.09
2025-10-22 11:53:55,241 INFO Episode 158 | Reward_state: -420.916409 | Reward_control: -39.387837 | Reward_obs: -0.000000 | Total Reward: -544.260862 | Min_dis_obs: 0.631359 | 
2025-10-22 11:54:08,728 INFO [Eval] Epoch 157: mean return (5 inits) = -445.74
2025-10-22 11:54:17,595 INFO Episode 159 | Reward_state: -394.358449 | Reward_control: -0.828436 | Reward_obs: -0.000000 | Total Reward: -408.322933 | Min_dis_obs: 0.707110 | 
2025-10-22 11:54:31,014 INFO [Eval] Epoch 158: mean return (5 inits) = -273.89
2025-10-22 11:54:39,910 INFO Episode 160 | Reward_state: -378.027815 | Reward_control: -12.168913 | Reward_obs: -0.000000 | Total Reward: -422.933487 | Min_dis_obs: 0.578544 | 
2025-10-22 11:54:53,279 INFO [Eval] Epoch 159: mean return (5 inits) = -418.21
2025-10-22 11:55:02,216 INFO Episode 161 | Reward_state: -385.014306 | Reward_control: -0.000000 | Reward_obs: -0.000000 | Total Reward: -399.635609 | Min_dis_obs: 0.761955 | 
2025-10-22 11:55:15,468 INFO [Eval] Epoch 160: mean return (5 inits) = -352.58
2025-10-22 11:55:27,145 INFO Episode 162 | Reward_state: -348.795014 | Reward_control: -0.151275 | Reward_obs: -0.000000 | Total Reward: -364.960814 | Min_dis_obs: 0.659198 | 
2025-10-22 11:55:39,903 INFO [Eval] Epoch 161: mean return (5 inits) = -324.68
2025-10-22 11:55:48,662 INFO Episode 163 | Reward_state: -321.004286 | Reward_control: -13.176465 | Reward_obs: -0.000006 | Total Reward: -355.361028 | Min_dis_obs: 0.418880 | 
2025-10-22 11:56:02,167 INFO [Eval] Epoch 162: mean return (5 inits) = -346.38
2025-10-22 11:56:11,199 INFO Episode 164 | Reward_state: -360.428958 | Reward_control: -0.118012 | Reward_obs: -0.000000 | Total Reward: -374.643541 | Min_dis_obs: 0.610890 | 
2025-10-22 11:56:25,201 INFO [Eval] Epoch 163: mean return (5 inits) = -400.97
2025-10-22 11:56:34,447 INFO Episode 165 | Reward_state: -358.426477 | Reward_control: -0.000000 | Reward_obs: -0.000000 | Total Reward: -370.243841 | Min_dis_obs: 0.618632 | 
2025-10-22 11:56:49,027 INFO [Eval] Epoch 164: mean return (5 inits) = -387.98
2025-10-22 11:56:58,658 INFO Episode 166 | Reward_state: -348.239716 | Reward_control: -0.000000 | Reward_obs: -0.000000 | Total Reward: -363.786343 | Min_dis_obs: 0.751981 | 
2025-10-22 11:57:12,973 INFO [Eval] Epoch 165: mean return (5 inits) = -371.90
2025-10-22 11:57:28,507 INFO Episode 167 | Reward_state: -377.314268 | Reward_control: -77.884736 | Reward_obs: -0.000000 | Total Reward: -510.164106 | Min_dis_obs: 0.488270 | 
2025-10-22 11:57:45,689 INFO [Eval] Epoch 166: mean return (5 inits) = -1298.41
2025-10-22 11:57:55,395 INFO Episode 168 | Reward_state: -342.393999 | Reward_control: -97.385764 | Reward_obs: -224.775613 | Total Reward: -843.721492 | Min_dis_obs: 0.055284 | 
2025-10-22 11:58:10,005 INFO [Eval] Epoch 167: mean return (5 inits) = -362.94
2025-10-22 11:58:19,166 INFO Episode 169 | Reward_state: -380.321593 | Reward_control: -17.793919 | Reward_obs: -0.000000 | Total Reward: -450.379514 | Min_dis_obs: 0.637793 | 
2025-10-22 11:58:33,592 INFO [Eval] Epoch 168: mean return (5 inits) = -446.54
2025-10-22 11:58:42,930 INFO Episode 170 | Reward_state: -448.093392 | Reward_control: -14.585529 | Reward_obs: -0.000000 | Total Reward: -492.652585 | Min_dis_obs: 0.668507 | 
2025-10-22 11:58:57,372 INFO [Eval] Epoch 169: mean return (5 inits) = -456.96
2025-10-22 11:59:07,263 INFO Episode 171 | Reward_state: -480.667769 | Reward_control: -21.134280 | Reward_obs: -0.000000 | Total Reward: -546.290092 | Min_dis_obs: 0.862213 | 
2025-10-22 11:59:21,680 INFO [Eval] Epoch 170: mean return (5 inits) = -1158.00
2025-10-22 11:59:35,356 INFO Episode 172 | Reward_state: -456.609439 | Reward_control: -0.925796 | Reward_obs: -0.000000 | Total Reward: -467.253215 | Min_dis_obs: 0.836049 | 
2025-10-22 11:59:49,664 INFO [Eval] Epoch 171: mean return (5 inits) = -438.96
2025-10-22 11:59:59,282 INFO Episode 173 | Reward_state: -462.480127 | Reward_control: -10.021649 | Reward_obs: -0.000000 | Total Reward: -491.428755 | Min_dis_obs: 0.693747 | 
2025-10-22 12:00:13,613 INFO [Eval] Epoch 172: mean return (5 inits) = -481.76
2025-10-22 12:00:23,313 INFO Episode 174 | Reward_state: -437.244854 | Reward_control: -6.185901 | Reward_obs: -0.000000 | Total Reward: -462.722797 | Min_dis_obs: 0.787420 | 
2025-10-22 12:00:37,349 INFO [Eval] Epoch 173: mean return (5 inits) = -730.60
2025-10-22 12:00:46,737 INFO Episode 175 | Reward_state: -442.744897 | Reward_control: -12.276715 | Reward_obs: -0.000000 | Total Reward: -485.278585 | Min_dis_obs: 0.642652 | 
2025-10-22 12:01:01,650 INFO [Eval] Epoch 174: mean return (5 inits) = -482.73
2025-10-22 12:01:10,822 INFO Episode 176 | Reward_state: -195.916633 | Reward_control: -42.821107 | Reward_obs: -1698.827495 | Total Reward: -2071.414882 | Min_dis_obs: 0.011269 | 
2025-10-22 12:01:25,057 INFO [Eval] Epoch 175: mean return (5 inits) = -754.06
2025-10-22 12:01:38,175 INFO Episode 177 | Reward_state: -396.287962 | Reward_control: -50.641386 | Reward_obs: -0.003708 | Total Reward: -520.683252 | Min_dis_obs: 0.328011 | 
2025-10-22 12:01:52,697 INFO [Eval] Epoch 176: mean return (5 inits) = -425.58
2025-10-22 12:02:01,972 INFO Episode 178 | Reward_state: -401.182605 | Reward_control: -9.948406 | Reward_obs: -0.000000 | Total Reward: -439.980029 | Min_dis_obs: 0.508394 | 
2025-10-22 12:02:16,218 INFO [Eval] Epoch 177: mean return (5 inits) = -443.17
2025-10-22 12:02:25,741 INFO Episode 179 | Reward_state: -432.148160 | Reward_control: -5.192853 | Reward_obs: -0.000000 | Total Reward: -456.784882 | Min_dis_obs: 0.649930 | 
2025-10-22 12:02:40,642 INFO [Eval] Epoch 178: mean return (5 inits) = -469.05
2025-10-22 12:02:51,456 INFO Episode 180 | Reward_state: -421.276205 | Reward_control: -0.574715 | Reward_obs: -0.000000 | Total Reward: -431.780785 | Min_dis_obs: 0.727120 | 
2025-10-22 12:03:05,820 INFO [Eval] Epoch 179: mean return (5 inits) = -447.91
2025-10-22 12:03:15,804 INFO Episode 181 | Reward_state: -435.376980 | Reward_control: -13.608336 | Reward_obs: -0.000000 | Total Reward: -483.946315 | Min_dis_obs: 0.646513 | 
2025-10-22 12:03:31,317 INFO [Eval] Epoch 180: mean return (5 inits) = -483.43
2025-10-22 12:03:44,266 INFO Episode 182 | Reward_state: -397.489049 | Reward_control: -23.035213 | Reward_obs: -0.000000 | Total Reward: -474.258085 | Min_dis_obs: 0.595781 | 
2025-10-22 12:03:58,459 INFO [Eval] Epoch 181: mean return (5 inits) = -1076.21
2025-10-22 12:04:07,707 INFO Episode 183 | Reward_state: -374.273647 | Reward_control: -34.290321 | Reward_obs: -0.000000 | Total Reward: -482.444258 | Min_dis_obs: 0.662580 | 
2025-10-22 12:04:21,753 INFO [Eval] Epoch 182: mean return (5 inits) = -520.19
2025-10-22 12:04:30,885 INFO Episode 184 | Reward_state: -369.975394 | Reward_control: -78.596541 | Reward_obs: -0.000000 | Total Reward: -590.327005 | Min_dis_obs: 0.541081 | 
2025-10-22 12:04:44,863 INFO [Eval] Epoch 183: mean return (5 inits) = -642.42
2025-10-22 12:04:54,441 INFO Episode 185 | Reward_state: -438.435634 | Reward_control: -144.993063 | Reward_obs: -0.000000 | Total Reward: -755.585276 | Min_dis_obs: 0.738672 | 
2025-10-22 12:05:09,553 INFO [Eval] Epoch 184: mean return (5 inits) = -997.01
2025-10-22 12:05:19,465 INFO Episode 186 | Reward_state: -375.731503 | Reward_control: -510.784744 | Reward_obs: -0.000000 | Total Reward: -1166.816975 | Min_dis_obs: 0.559417 | 
2025-10-22 12:05:34,238 INFO [Eval] Epoch 185: mean return (5 inits) = -947.26
2025-10-22 12:05:47,327 INFO Episode 187 | Reward_state: -333.841404 | Reward_control: -367.437322 | Reward_obs: -0.000006 | Total Reward: -926.212286 | Min_dis_obs: 0.425624 | 
2025-10-22 12:06:02,841 INFO [Eval] Epoch 186: mean return (5 inits) = -701.82
2025-10-22 12:06:12,431 INFO Episode 188 | Reward_state: -324.553105 | Reward_control: -176.100463 | Reward_obs: -0.000000 | Total Reward: -632.019355 | Min_dis_obs: 0.532625 | 
2025-10-22 12:06:26,626 INFO [Eval] Epoch 187: mean return (5 inits) = -382.39
2025-10-22 12:06:35,989 INFO Episode 189 | Reward_state: -341.716468 | Reward_control: -0.000000 | Reward_obs: -0.000000 | Total Reward: -352.847738 | Min_dis_obs: 0.647623 | 
2025-10-22 12:06:50,372 INFO [Eval] Epoch 188: mean return (5 inits) = -384.61
2025-10-22 12:06:59,714 INFO Episode 190 | Reward_state: -392.838149 | Reward_control: -5.669870 | Reward_obs: -0.000000 | Total Reward: -427.591382 | Min_dis_obs: 0.607354 | 
2025-10-22 12:07:14,056 INFO [Eval] Epoch 189: mean return (5 inits) = -389.58
2025-10-22 12:07:23,280 INFO Episode 191 | Reward_state: -375.723506 | Reward_control: -0.000000 | Reward_obs: -0.000000 | Total Reward: -383.649652 | Min_dis_obs: 0.767794 | 
2025-10-22 12:07:37,935 INFO [Eval] Epoch 190: mean return (5 inits) = -431.67
2025-10-22 12:07:51,545 INFO Episode 192 | Reward_state: -401.527573 | Reward_control: -8.647365 | Reward_obs: -0.000000 | Total Reward: -437.075318 | Min_dis_obs: 0.678086 | 
2025-10-22 12:08:07,138 INFO [Eval] Epoch 191: mean return (5 inits) = -461.67
2025-10-22 12:08:17,470 INFO Episode 193 | Reward_state: -402.913410 | Reward_control: -17.470195 | Reward_obs: -0.000000 | Total Reward: -450.981342 | Min_dis_obs: 0.720891 | 
2025-10-22 12:08:32,931 INFO [Eval] Epoch 192: mean return (5 inits) = -590.87
2025-10-22 12:08:42,887 INFO Episode 194 | Reward_state: -398.959455 | Reward_control: -108.576004 | Reward_obs: -0.000000 | Total Reward: -686.933422 | Min_dis_obs: 0.673587 | 
2025-10-22 12:08:57,573 INFO [Eval] Epoch 193: mean return (5 inits) = -525.70
2025-10-22 12:09:07,157 INFO Episode 195 | Reward_state: -396.388420 | Reward_control: -114.644722 | Reward_obs: -0.000000 | Total Reward: -618.902340 | Min_dis_obs: 0.624134 | 
2025-10-22 12:09:22,728 INFO [Eval] Epoch 194: mean return (5 inits) = -787.55
2025-10-22 12:09:32,622 INFO Episode 196 | Reward_state: -405.522201 | Reward_control: -116.763258 | Reward_obs: -0.000000 | Total Reward: -616.583146 | Min_dis_obs: 0.637378 | 
2025-10-22 12:09:47,548 INFO [Eval] Epoch 195: mean return (5 inits) = -635.24
2025-10-22 12:10:01,471 INFO Episode 197 | Reward_state: -379.973339 | Reward_control: -202.759231 | Reward_obs: -0.000000 | Total Reward: -721.941863 | Min_dis_obs: 0.752591 | 
2025-10-22 12:10:16,323 INFO [Eval] Epoch 196: mean return (5 inits) = -680.44
2025-10-22 12:10:27,829 INFO Episode 198 | Reward_state: -360.642664 | Reward_control: -291.504877 | Reward_obs: -0.000000 | Total Reward: -816.051550 | Min_dis_obs: 0.508663 | 
2025-10-22 12:10:42,570 INFO [Eval] Epoch 197: mean return (5 inits) = -376.48
2025-10-22 12:10:52,707 INFO Episode 199 | Reward_state: -356.221013 | Reward_control: -273.616505 | Reward_obs: -0.000000 | Total Reward: -774.701554 | Min_dis_obs: 0.548637 | 
2025-10-22 12:11:06,895 INFO [Eval] Epoch 198: mean return (5 inits) = -441.96
2025-10-22 12:11:16,998 INFO Episode 200 | Reward_state: -317.671961 | Reward_control: -89.377988 | Reward_obs: -0.000000 | Total Reward: -469.545168 | Min_dis_obs: 0.535437 | 
2025-10-22 12:12:16,542 INFO [Eval] Epoch 199: mean return (5 inits) = -57678.25
2025-10-22 12:12:26,470 INFO Episode 201 | Reward_state: -336.404738 | Reward_control: -207.590125 | Reward_obs: -0.000053 | Total Reward: -615.934245 | Min_dis_obs: 0.404057 | 
2025-10-22 12:12:40,821 INFO [Eval] Epoch 200: mean return (5 inits) = -342.08
2025-10-22 12:12:53,741 INFO Episode 202 | Reward_state: -274.759296 | Reward_control: -765.778607 | Reward_obs: -28.760851 | Total Reward: -1251.476600 | Min_dis_obs: 0.122910 | 
2025-10-22 12:13:51,002 INFO [Eval] Epoch 201: mean return (5 inits) = -78525.53
2025-10-22 12:14:00,333 INFO Episode 203 | Reward_state: -268.776750 | Reward_control: -728.051979 | Reward_obs: -81.277352 | Total Reward: -1162.416333 | Min_dis_obs: 0.042987 | 
2025-10-22 12:16:05,666 INFO [Eval] Epoch 202: mean return (5 inits) = -317474.10
2025-10-22 12:16:15,331 INFO Episode 204 | Reward_state: -365.694748 | Reward_control: -0.000000 | Reward_obs: -0.000170 | Total Reward: -381.711887 | Min_dis_obs: 0.391335 | 
2025-10-22 12:16:29,507 INFO [Eval] Epoch 203: mean return (5 inits) = -741.25
2025-10-22 12:16:39,159 INFO Episode 205 | Reward_state: -375.387747 | Reward_control: -0.000000 | Reward_obs: -0.000000 | Total Reward: -390.785904 | Min_dis_obs: 0.538562 | 
2025-10-22 12:16:52,982 INFO [Eval] Epoch 204: mean return (5 inits) = -706.15
2025-10-22 12:17:02,508 INFO Episode 206 | Reward_state: -379.000818 | Reward_control: -90.815626 | Reward_obs: -0.000000 | Total Reward: -538.637906 | Min_dis_obs: 0.756690 | 
2025-10-22 12:17:17,155 INFO [Eval] Epoch 205: mean return (5 inits) = -497.57
2025-10-22 12:17:30,341 INFO Episode 207 | Reward_state: -377.579683 | Reward_control: -0.000000 | Reward_obs: -0.000000 | Total Reward: -388.408018 | Min_dis_obs: 0.650840 | 
2025-10-22 12:17:44,965 INFO [Eval] Epoch 206: mean return (5 inits) = -567.64
2025-10-22 12:17:54,662 INFO Episode 208 | Reward_state: -340.609674 | Reward_control: -0.000000 | Reward_obs: -0.000000 | Total Reward: -351.012823 | Min_dis_obs: 0.667214 | 
2025-10-22 12:18:08,873 INFO [Eval] Epoch 207: mean return (5 inits) = -380.02
2025-10-22 12:18:18,256 INFO Episode 209 | Reward_state: -333.677589 | Reward_control: -703.734659 | Reward_obs: -0.000000 | Total Reward: -1247.869410 | Min_dis_obs: 0.594711 | 
2025-10-22 12:18:32,857 INFO [Eval] Epoch 208: mean return (5 inits) = -692.43
2025-10-22 12:18:42,309 INFO Episode 210 | Reward_state: -216.364292 | Reward_control: -941.820390 | Reward_obs: -186.519898 | Total Reward: -1508.692786 | Min_dis_obs: 0.047653 | 
2025-10-22 12:18:56,996 INFO [Eval] Epoch 209: mean return (5 inits) = -373.66
2025-10-22 12:19:06,875 INFO Episode 211 | Reward_state: -301.053186 | Reward_control: -1234.091601 | Reward_obs: -350.906688 | Total Reward: -2104.521875 | Min_dis_obs: 0.060453 | 
2025-10-22 12:20:20,152 INFO [Eval] Epoch 210: mean return (5 inits) = -111230.75
2025-10-22 12:21:11,665 INFO Episode 212 | Reward_state: -279987.099846 | Reward_control: -474.745317 | Reward_obs: -371.909772 | Total Reward: -281049.289804 | Min_dis_obs: 0.005294 | 
2025-10-22 12:21:28,724 INFO [Eval] Epoch 211: mean return (5 inits) = -907.24
2025-10-22 12:21:39,769 INFO Episode 213 | Reward_state: -441.710841 | Reward_control: -348.048447 | Reward_obs: -0.000000 | Total Reward: -1144.406815 | Min_dis_obs: 0.761143 | 
2025-10-22 12:22:07,728 INFO [Eval] Epoch 212: mean return (5 inits) = -1357.86
2025-10-22 12:22:18,508 INFO Episode 214 | Reward_state: -491.669614 | Reward_control: -382.251385 | Reward_obs: -0.000000 | Total Reward: -1392.969404 | Min_dis_obs: 0.911233 | 
2025-10-22 12:22:36,350 INFO [Eval] Epoch 213: mean return (5 inits) = -791.73
2025-10-22 12:22:46,284 INFO Episode 215 | Reward_state: -510.603704 | Reward_control: -158.871937 | Reward_obs: -0.000000 | Total Reward: -869.731924 | Min_dis_obs: 0.631131 | 
2025-10-22 12:23:03,464 INFO [Eval] Epoch 214: mean return (5 inits) = -782.87
2025-10-22 12:23:12,790 INFO Episode 216 | Reward_state: -165.828871 | Reward_control: -510.138531 | Reward_obs: -1383.711651 | Total Reward: -5039.009017 | Min_dis_obs: 0.008250 | 
2025-10-22 12:23:30,280 INFO [Eval] Epoch 215: mean return (5 inits) = -791.60
2025-10-22 12:23:43,844 INFO Episode 217 | Reward_state: -515.849937 | Reward_control: -98.378864 | Reward_obs: -0.000000 | Total Reward: -735.218855 | Min_dis_obs: 0.933688 | 
2025-10-22 12:24:01,099 INFO [Eval] Epoch 216: mean return (5 inits) = -803.74
2025-10-22 12:24:13,115 INFO Episode 218 | Reward_state: -490.444547 | Reward_control: -129.284186 | Reward_obs: -0.000000 | Total Reward: -1042.561711 | Min_dis_obs: 0.463368 | 
2025-10-22 12:24:31,446 INFO [Eval] Epoch 217: mean return (5 inits) = -725.54
2025-10-22 12:24:42,306 INFO Episode 219 | Reward_state: -498.888099 | Reward_control: -115.049530 | Reward_obs: -0.000000 | Total Reward: -754.207347 | Min_dis_obs: 0.701830 | 
2025-10-22 12:25:00,731 INFO [Eval] Epoch 218: mean return (5 inits) = -980.28
2025-10-22 12:25:12,039 INFO Episode 220 | Reward_state: -487.683749 | Reward_control: -338.309903 | Reward_obs: -0.000000 | Total Reward: -1189.643397 | Min_dis_obs: 0.719147 | 
2025-10-22 12:25:41,566 INFO [Eval] Epoch 219: mean return (5 inits) = -1305.19
2025-10-22 12:25:53,490 INFO Episode 221 | Reward_state: -441.328969 | Reward_control: -407.588453 | Reward_obs: -0.000000 | Total Reward: -1199.478480 | Min_dis_obs: 0.749723 | 
2025-10-22 12:26:23,221 INFO [Eval] Epoch 220: mean return (5 inits) = -1278.75
2025-10-22 12:26:39,943 INFO Episode 222 | Reward_state: -516.640443 | Reward_control: -225.156126 | Reward_obs: -0.000000 | Total Reward: -824.113108 | Min_dis_obs: 0.878632 | 
2025-10-22 12:26:58,634 INFO [Eval] Epoch 221: mean return (5 inits) = -999.69
2025-10-22 12:27:09,184 INFO Episode 223 | Reward_state: -517.691140 | Reward_control: -607.822107 | Reward_obs: -0.000000 | Total Reward: -1499.296202 | Min_dis_obs: 0.928479 | 
2025-10-22 12:27:25,851 INFO [Eval] Epoch 222: mean return (5 inits) = -1166.49
2025-10-22 12:27:36,214 INFO Episode 224 | Reward_state: -519.759593 | Reward_control: -445.256308 | Reward_obs: -0.000000 | Total Reward: -1246.089977 | Min_dis_obs: 0.745595 | 
2025-10-22 12:27:53,679 INFO [Eval] Epoch 223: mean return (5 inits) = -889.49
2025-10-22 12:28:03,564 INFO Episode 225 | Reward_state: -518.810838 | Reward_control: -567.615257 | Reward_obs: -0.000000 | Total Reward: -1229.459741 | Min_dis_obs: 0.843674 | 
2025-10-22 12:28:20,706 INFO [Eval] Epoch 224: mean return (5 inits) = -922.61
2025-10-22 12:28:30,923 INFO Episode 226 | Reward_state: -521.307477 | Reward_control: -1099.055128 | Reward_obs: -0.000000 | Total Reward: -1801.485205 | Min_dis_obs: 0.938791 | 
2025-10-22 12:28:48,774 INFO [Eval] Epoch 225: mean return (5 inits) = -1979.36
2025-10-22 12:29:02,130 INFO Episode 227 | Reward_state: -519.211843 | Reward_control: -1072.669255 | Reward_obs: -0.000000 | Total Reward: -1773.848797 | Min_dis_obs: 0.702134 | 
2025-10-22 12:29:17,666 INFO [Eval] Epoch 226: mean return (5 inits) = -1937.37
2025-10-22 12:29:29,249 INFO Episode 228 | Reward_state: -521.070990 | Reward_control: -1220.045218 | Reward_obs: -0.000000 | Total Reward: -2121.112317 | Min_dis_obs: 0.921846 | 
2025-10-22 12:29:46,062 INFO [Eval] Epoch 227: mean return (5 inits) = -1300.48
2025-10-22 12:29:58,353 INFO Episode 229 | Reward_state: -518.789664 | Reward_control: -387.391804 | Reward_obs: -0.000000 | Total Reward: -1264.104432 | Min_dis_obs: 0.681602 | 
2025-10-22 12:30:15,611 INFO [Eval] Epoch 228: mean return (5 inits) = -991.23
2025-10-22 12:30:26,699 INFO Episode 230 | Reward_state: -521.018939 | Reward_control: -712.882559 | Reward_obs: -0.000000 | Total Reward: -1366.518319 | Min_dis_obs: 0.938791 | 
2025-10-22 12:30:49,483 INFO [Eval] Epoch 229: mean return (5 inits) = -1066.02
2025-10-22 12:31:04,908 INFO Episode 231 | Reward_state: -520.647423 | Reward_control: -279.632278 | Reward_obs: -0.000000 | Total Reward: -912.691575 | Min_dis_obs: 0.938791 | 
2025-10-22 12:31:23,109 INFO [Eval] Epoch 230: mean return (5 inits) = -1049.79
2025-10-22 12:31:46,179 INFO Episode 232 | Reward_state: -520.212247 | Reward_control: -352.732354 | Reward_obs: -0.000000 | Total Reward: -934.029976 | Min_dis_obs: 0.938791 | 
2025-10-22 12:32:03,969 INFO [Eval] Epoch 231: mean return (5 inits) = -893.14
2025-10-22 12:32:15,439 INFO Episode 233 | Reward_state: -521.307879 | Reward_control: -397.960942 | Reward_obs: -0.000000 | Total Reward: -1092.757703 | Min_dis_obs: 0.938791 | 
2025-10-22 12:32:33,572 INFO [Eval] Epoch 232: mean return (5 inits) = -1265.32
2025-10-22 12:32:49,539 INFO Episode 234 | Reward_state: -519.292572 | Reward_control: -433.463062 | Reward_obs: -0.000000 | Total Reward: -1044.053685 | Min_dis_obs: 0.697561 | 
2025-10-22 12:34:19,895 INFO [Eval] Epoch 233: mean return (5 inits) = -57255.68
2025-10-22 12:34:30,853 INFO Episode 235 | Reward_state: -511.478271 | Reward_control: -442.143281 | Reward_obs: -0.000000 | Total Reward: -1129.963598 | Min_dis_obs: 0.760278 | 
2025-10-22 12:34:47,439 INFO [Eval] Epoch 234: mean return (5 inits) = -2120.97
2025-10-22 12:34:58,388 INFO Episode 236 | Reward_state: -520.111309 | Reward_control: -562.048172 | Reward_obs: -0.000000 | Total Reward: -1280.241322 | Min_dis_obs: 0.755462 | 
2025-10-22 12:35:16,794 INFO [Eval] Epoch 235: mean return (5 inits) = -635.46
2025-10-22 12:35:31,940 INFO Episode 237 | Reward_state: -518.850873 | Reward_control: -93.277359 | Reward_obs: -0.000000 | Total Reward: -672.043702 | Min_dis_obs: 0.859851 | 
2025-10-22 12:35:51,012 INFO [Eval] Epoch 236: mean return (5 inits) = -734.47
2025-10-22 12:36:02,046 INFO Episode 238 | Reward_state: -506.510865 | Reward_control: -216.239007 | Reward_obs: -0.000000 | Total Reward: -901.295917 | Min_dis_obs: 0.631258 | 
2025-10-22 12:36:21,028 INFO [Eval] Epoch 237: mean return (5 inits) = -1005.42
2025-10-22 12:36:34,715 INFO Episode 239 | Reward_state: -517.820282 | Reward_control: -212.595963 | Reward_obs: -0.000000 | Total Reward: -829.541606 | Min_dis_obs: 0.637605 | 
2025-10-22 12:36:50,808 INFO [Eval] Epoch 238: mean return (5 inits) = -2714.88
2025-10-22 12:37:00,961 INFO Episode 240 | Reward_state: -521.496416 | Reward_control: -2039.039615 | Reward_obs: -0.000000 | Total Reward: -2829.599424 | Min_dis_obs: 0.938791 | 
2025-10-22 12:37:18,061 INFO [Eval] Epoch 239: mean return (5 inits) = -4756.65
2025-10-22 12:37:28,925 INFO Episode 241 | Reward_state: -403.354337 | Reward_control: -541.922613 | Reward_obs: -0.000175 | Total Reward: -2727.408431 | Min_dis_obs: 0.375212 | 
2025-10-22 12:37:48,150 INFO [Eval] Epoch 240: mean return (5 inits) = -1329.88
2025-10-22 12:38:02,744 INFO Episode 242 | Reward_state: -264.729567 | Reward_control: -588.593039 | Reward_obs: -1025.342625 | Total Reward: -4916.963817 | Min_dis_obs: 0.067148 | 
2025-10-22 12:38:20,042 INFO [Eval] Epoch 241: mean return (5 inits) = -1705.60
2025-10-22 12:38:35,447 INFO Episode 243 | Reward_state: -520.281763 | Reward_control: -314.100416 | Reward_obs: -0.000000 | Total Reward: -1362.128155 | Min_dis_obs: 0.935748 | 
2025-10-22 12:38:57,858 INFO [Eval] Epoch 242: mean return (5 inits) = -1304.69
2025-10-22 12:39:13,638 INFO Episode 244 | Reward_state: -499.020412 | Reward_control: -487.162636 | Reward_obs: -0.000000 | Total Reward: -1941.673973 | Min_dis_obs: 0.856856 | 
2025-10-22 12:39:31,542 INFO [Eval] Epoch 243: mean return (5 inits) = -2419.34
2025-10-22 12:39:42,587 INFO Episode 245 | Reward_state: -521.398153 | Reward_control: -517.150573 | Reward_obs: -0.000000 | Total Reward: -1516.937414 | Min_dis_obs: 0.938521 | 
2025-10-22 12:39:59,418 INFO [Eval] Epoch 244: mean return (5 inits) = -1866.13
2025-10-22 12:40:09,183 INFO Episode 246 | Reward_state: -97.669719 | Reward_control: -434.525123 | Reward_obs: -50.630130 | Total Reward: -6018.376343 | Min_dis_obs: 0.170731 | 
2025-10-22 12:40:25,726 INFO [Eval] Epoch 245: mean return (5 inits) = -7683.46
2025-10-22 12:40:41,157 INFO Episode 247 | Reward_state: -322.456370 | Reward_control: -151.523060 | Reward_obs: -1049.258555 | Total Reward: -2845.937207 | Min_dis_obs: 0.024472 | 
2025-10-22 12:41:00,344 INFO [Eval] Epoch 246: mean return (5 inits) = -763.50
2025-10-22 12:41:11,834 INFO Episode 248 | Reward_state: -510.171394 | Reward_control: -229.575215 | Reward_obs: -0.000000 | Total Reward: -1021.481253 | Min_dis_obs: 0.633197 | 
2025-10-22 12:41:30,359 INFO [Eval] Epoch 247: mean return (5 inits) = -896.45
2025-10-22 12:41:40,859 INFO Episode 249 | Reward_state: -516.154917 | Reward_control: -476.484685 | Reward_obs: -0.000000 | Total Reward: -1115.724755 | Min_dis_obs: 0.708842 | 
2025-10-22 12:41:57,957 INFO [Eval] Epoch 248: mean return (5 inits) = -1330.53
2025-10-22 12:42:08,686 INFO Episode 250 | Reward_state: -514.819693 | Reward_control: -316.933461 | Reward_obs: -0.000000 | Total Reward: -1033.490013 | Min_dis_obs: 0.641744 | 
2025-10-22 12:42:22,752 INFO [Eval] Epoch 249: mean return (5 inits) = -5574.28
2025-10-22 12:42:34,162 INFO Episode 251 | Reward_state: -122.689966 | Reward_control: -91.424934 | Reward_obs: -1672.923289 | Total Reward: -2623.216085 | Min_dis_obs: 0.012695 | 
2025-10-22 12:42:49,006 INFO [Eval] Epoch 250: mean return (5 inits) = -1122.86
2025-10-22 12:43:02,287 INFO Episode 252 | Reward_state: -268.007627 | Reward_control: -72.348590 | Reward_obs: -0.007364 | Total Reward: -527.287172 | Min_dis_obs: 0.319499 | 
2025-10-22 12:43:17,777 INFO [Eval] Epoch 251: mean return (5 inits) = -1375.19
2025-10-22 12:43:30,449 INFO Episode 253 | Reward_state: -389.904807 | Reward_control: -59.219473 | Reward_obs: -0.000140 | Total Reward: -741.886250 | Min_dis_obs: 0.376734 | 
2025-10-22 12:43:47,903 INFO [Eval] Epoch 252: mean return (5 inits) = -996.43
2025-10-22 12:43:58,662 INFO Episode 254 | Reward_state: -471.196324 | Reward_control: -139.425657 | Reward_obs: -0.000000 | Total Reward: -929.998675 | Min_dis_obs: 0.718881 | 
2025-10-22 12:44:16,005 INFO [Eval] Epoch 253: mean return (5 inits) = -918.67
2025-10-22 12:44:26,585 INFO Episode 255 | Reward_state: -498.760295 | Reward_control: -285.813458 | Reward_obs: -0.000000 | Total Reward: -881.214304 | Min_dis_obs: 0.841230 | 
2025-10-22 12:44:43,101 INFO [Eval] Epoch 254: mean return (5 inits) = -1449.21
2025-10-22 12:44:54,296 INFO Episode 256 | Reward_state: -521.355383 | Reward_control: -817.843865 | Reward_obs: -0.000000 | Total Reward: -1569.736399 | Min_dis_obs: 0.938791 | 
2025-10-22 12:45:10,747 INFO [Eval] Epoch 255: mean return (5 inits) = -965.37
2025-10-22 12:45:26,357 INFO Episode 257 | Reward_state: -518.715053 | Reward_control: -225.637279 | Reward_obs: -0.000000 | Total Reward: -920.764030 | Min_dis_obs: 0.924365 | 
2025-10-22 12:45:46,361 INFO [Eval] Epoch 256: mean return (5 inits) = -909.22
2025-10-22 12:45:57,030 INFO Episode 258 | Reward_state: -509.298536 | Reward_control: -94.097521 | Reward_obs: -0.000000 | Total Reward: -676.807105 | Min_dis_obs: 0.638149 | 
2025-10-22 12:46:18,269 INFO [Eval] Epoch 257: mean return (5 inits) = -832.30
2025-10-22 12:46:28,478 INFO Episode 259 | Reward_state: -499.810328 | Reward_control: -83.192654 | Reward_obs: -0.000000 | Total Reward: -676.714152 | Min_dis_obs: 0.437593 | 
2025-10-22 12:46:46,017 INFO [Eval] Epoch 258: mean return (5 inits) = -646.90
2025-10-22 12:46:56,141 INFO Episode 260 | Reward_state: -512.425066 | Reward_control: -318.726963 | Reward_obs: -0.000000 | Total Reward: -936.690082 | Min_dis_obs: 0.700810 | 
2025-10-22 12:47:14,601 INFO [Eval] Epoch 259: mean return (5 inits) = -1608.38
2025-10-22 12:47:24,569 INFO Episode 261 | Reward_state: -519.802352 | Reward_control: -750.799544 | Reward_obs: -0.000000 | Total Reward: -1745.254183 | Min_dis_obs: 0.793467 | 
2025-10-22 12:47:41,352 INFO [Eval] Epoch 260: mean return (5 inits) = -1727.40
2025-10-22 12:47:57,432 INFO Episode 262 | Reward_state: -519.226795 | Reward_control: -766.410025 | Reward_obs: -0.000000 | Total Reward: -1641.610358 | Min_dis_obs: 0.677893 | 
2025-10-22 12:48:14,266 INFO [Eval] Epoch 261: mean return (5 inits) = -1594.93
2025-10-22 12:48:24,873 INFO Episode 263 | Reward_state: -521.225396 | Reward_control: -1013.736871 | Reward_obs: -0.000000 | Total Reward: -2021.068232 | Min_dis_obs: 0.938791 | 
2025-10-22 12:48:39,945 INFO [Eval] Epoch 262: mean return (5 inits) = -1657.47
2025-10-22 12:48:49,801 INFO Episode 264 | Reward_state: -520.416861 | Reward_control: -950.156797 | Reward_obs: -0.000000 | Total Reward: -1888.372899 | Min_dis_obs: 0.847026 | 
2025-10-22 12:49:06,104 INFO [Eval] Epoch 263: mean return (5 inits) = -1624.23
2025-10-22 12:49:17,395 INFO Episode 265 | Reward_state: -519.630007 | Reward_control: -969.772738 | Reward_obs: -0.000000 | Total Reward: -1773.813450 | Min_dis_obs: 0.733281 | 
2025-10-22 12:49:33,666 INFO [Eval] Epoch 264: mean return (5 inits) = -1628.10
2025-10-22 12:49:44,249 INFO Episode 266 | Reward_state: -521.272046 | Reward_control: -688.853119 | Reward_obs: -0.000000 | Total Reward: -1408.437274 | Min_dis_obs: 0.938791 | 
2025-10-22 12:50:01,669 INFO [Eval] Epoch 265: mean return (5 inits) = -1374.58
2025-10-22 12:50:18,380 INFO Episode 267 | Reward_state: -520.334103 | Reward_control: -435.067565 | Reward_obs: -0.000000 | Total Reward: -1444.591018 | Min_dis_obs: 0.898613 | 
2025-10-22 12:50:35,027 INFO [Eval] Epoch 266: mean return (5 inits) = -958.77
2025-10-22 12:50:47,608 INFO Episode 268 | Reward_state: -509.978142 | Reward_control: -242.050448 | Reward_obs: -0.000000 | Total Reward: -930.974814 | Min_dis_obs: 0.650815 | 
2025-10-22 12:51:03,976 INFO [Eval] Epoch 267: mean return (5 inits) = -965.56
2025-10-22 12:51:13,961 INFO Episode 269 | Reward_state: -521.199377 | Reward_control: -267.313815 | Reward_obs: -0.000000 | Total Reward: -863.478592 | Min_dis_obs: 0.938791 | 
2025-10-22 12:51:30,945 INFO [Eval] Epoch 268: mean return (5 inits) = -917.79
2025-10-22 12:51:40,906 INFO Episode 270 | Reward_state: -520.807685 | Reward_control: -234.346687 | Reward_obs: -0.000000 | Total Reward: -816.161653 | Min_dis_obs: 0.938791 | 
2025-10-22 12:51:58,247 INFO [Eval] Epoch 269: mean return (5 inits) = -939.72
2025-10-22 12:52:08,989 INFO Episode 271 | Reward_state: -518.636587 | Reward_control: -151.384466 | Reward_obs: -0.000000 | Total Reward: -752.982319 | Min_dis_obs: 0.823981 | 
2025-10-22 12:52:26,686 INFO [Eval] Epoch 270: mean return (5 inits) = -1174.06
2025-10-22 12:52:42,500 INFO Episode 272 | Reward_state: -342.790238 | Reward_control: -168.831399 | Reward_obs: -0.000000 | Total Reward: -1046.426938 | Min_dis_obs: 0.516056 | 
2025-10-22 12:52:57,389 INFO [Eval] Epoch 271: mean return (5 inits) = -3908.48
2025-10-22 12:53:06,997 INFO Episode 273 | Reward_state: -37.452044 | Reward_control: -16.329696 | Reward_obs: -1728.716009 | Total Reward: -5693.145465 | Min_dis_obs: 0.003300 | 
2025-10-22 12:53:24,889 INFO [Eval] Epoch 272: mean return (5 inits) = -658.09
2025-10-22 12:53:35,526 INFO Episode 274 | Reward_state: -514.267260 | Reward_control: -247.582908 | Reward_obs: -0.000000 | Total Reward: -852.551553 | Min_dis_obs: 0.686130 | 
2025-10-22 12:53:51,431 INFO [Eval] Epoch 273: mean return (5 inits) = -1169.68
2025-10-22 12:54:01,557 INFO Episode 275 | Reward_state: -520.256114 | Reward_control: -457.047397 | Reward_obs: -0.000000 | Total Reward: -1021.712225 | Min_dis_obs: 0.938791 | 
2025-10-22 12:54:18,498 INFO [Eval] Epoch 274: mean return (5 inits) = -1086.50
2025-10-22 12:54:30,815 INFO Episode 276 | Reward_state: -504.501212 | Reward_control: -276.630786 | Reward_obs: -0.000000 | Total Reward: -915.513901 | Min_dis_obs: 0.732748 | 
2025-10-22 12:54:47,431 INFO [Eval] Epoch 275: mean return (5 inits) = -1521.57
2025-10-22 12:55:03,372 INFO Episode 277 | Reward_state: -520.928780 | Reward_control: -481.612008 | Reward_obs: -0.000000 | Total Reward: -1054.321528 | Min_dis_obs: 0.938791 | 
2025-10-22 12:55:17,632 INFO [Eval] Epoch 276: mean return (5 inits) = -4207.39
2025-10-22 12:55:27,924 INFO Episode 278 | Reward_state: -36.142668 | Reward_control: -25.018456 | Reward_obs: -1648.885004 | Total Reward: -6191.247070 | Min_dis_obs: 0.002362 | 
2025-10-22 12:55:46,449 INFO [Eval] Epoch 277: mean return (5 inits) = -2674.21
2025-10-22 12:55:57,201 INFO Episode 279 | Reward_state: -521.442982 | Reward_control: -889.295668 | Reward_obs: -0.000000 | Total Reward: -1730.361232 | Min_dis_obs: 0.938791 | 
2025-10-22 12:56:17,690 INFO [Eval] Epoch 278: mean return (5 inits) = -607.71
2025-10-22 12:56:30,769 INFO Episode 280 | Reward_state: -509.104698 | Reward_control: -220.230142 | Reward_obs: -0.000000 | Total Reward: -905.172358 | Min_dis_obs: 0.731418 | 
2025-10-22 12:56:49,444 INFO [Eval] Epoch 279: mean return (5 inits) = -852.37
2025-10-22 12:57:01,848 INFO Episode 281 | Reward_state: -516.073247 | Reward_control: -284.975014 | Reward_obs: -0.000000 | Total Reward: -1123.176639 | Min_dis_obs: 0.926108 | 
2025-10-22 12:57:20,075 INFO [Eval] Epoch 280: mean return (5 inits) = -931.86
2025-10-22 12:57:36,568 INFO Episode 282 | Reward_state: -520.333205 | Reward_control: -189.317820 | Reward_obs: -0.000000 | Total Reward: -890.339411 | Min_dis_obs: 0.938791 | 
2025-10-22 12:57:56,700 INFO [Eval] Epoch 281: mean return (5 inits) = -703.54
2025-10-22 12:58:07,493 INFO Episode 283 | Reward_state: -457.866144 | Reward_control: -158.616064 | Reward_obs: -0.000000 | Total Reward: -762.648900 | Min_dis_obs: 0.609070 | 
2025-10-22 12:58:21,740 INFO [Eval] Epoch 282: mean return (5 inits) = -1652.56
2025-10-22 12:58:32,564 INFO Episode 284 | Reward_state: -250.724393 | Reward_control: -37.988250 | Reward_obs: -941.634714 | Total Reward: -1617.622268 | Min_dis_obs: 0.068014 | 
2025-10-22 12:58:50,339 INFO [Eval] Epoch 283: mean return (5 inits) = -482.05
2025-10-22 12:59:01,614 INFO Episode 285 | Reward_state: -468.174757 | Reward_control: -65.942683 | Reward_obs: -0.000000 | Total Reward: -611.817334 | Min_dis_obs: 0.738681 | 
2025-10-22 12:59:20,426 INFO [Eval] Epoch 284: mean return (5 inits) = -884.36
2025-10-22 12:59:31,850 INFO Episode 286 | Reward_state: -503.917459 | Reward_control: -87.487615 | Reward_obs: -0.000000 | Total Reward: -676.973788 | Min_dis_obs: 0.630249 | 
2025-10-22 12:59:51,734 INFO [Eval] Epoch 285: mean return (5 inits) = -637.33
2025-10-22 13:00:10,614 INFO Episode 287 | Reward_state: -488.152021 | Reward_control: -262.294008 | Reward_obs: -0.000000 | Total Reward: -1000.410523 | Min_dis_obs: 0.684685 | 
2025-10-22 13:00:29,234 INFO [Eval] Epoch 286: mean return (5 inits) = -686.75
2025-10-22 13:00:42,470 INFO Episode 288 | Reward_state: -519.906016 | Reward_control: -161.379005 | Reward_obs: -0.000000 | Total Reward: -817.205567 | Min_dis_obs: 0.935919 | 
2025-10-22 13:01:01,661 INFO [Eval] Epoch 287: mean return (5 inits) = -821.78
2025-10-22 13:01:15,049 INFO Episode 289 | Reward_state: -509.561819 | Reward_control: -147.307221 | Reward_obs: -0.000000 | Total Reward: -732.830432 | Min_dis_obs: 0.643516 | 
2025-10-22 13:01:33,762 INFO [Eval] Epoch 288: mean return (5 inits) = -728.42
2025-10-22 13:01:45,254 INFO Episode 290 | Reward_state: -509.352405 | Reward_control: -143.402864 | Reward_obs: -0.000000 | Total Reward: -780.684794 | Min_dis_obs: 0.776745 | 
2025-10-22 13:02:03,564 INFO [Eval] Epoch 289: mean return (5 inits) = -684.41
2025-10-22 13:02:14,602 INFO Episode 291 | Reward_state: -489.567223 | Reward_control: -78.005978 | Reward_obs: -0.000000 | Total Reward: -621.913931 | Min_dis_obs: 0.666486 | 
2025-10-22 13:02:31,903 INFO [Eval] Epoch 290: mean return (5 inits) = -712.98
2025-10-22 13:02:46,765 INFO Episode 292 | Reward_state: -410.854085 | Reward_control: -851.039705 | Reward_obs: -0.000000 | Total Reward: -1411.369428 | Min_dis_obs: 0.513831 | 
2025-10-22 13:03:01,978 INFO [Eval] Epoch 291: mean return (5 inits) = -709.57
2025-10-22 13:03:11,749 INFO Episode 293 | Reward_state: -199.276813 | Reward_control: -113.837813 | Reward_obs: -6.641158 | Total Reward: -574.380784 | Min_dis_obs: 0.203142 | 
2025-10-22 13:03:28,662 INFO [Eval] Epoch 292: mean return (5 inits) = -505.40
2025-10-22 13:03:39,315 INFO Episode 294 | Reward_state: -285.106549 | Reward_control: -96.789510 | Reward_obs: -3.613889 | Total Reward: -531.880173 | Min_dis_obs: 0.238350 | 
2025-10-22 13:03:55,650 INFO [Eval] Epoch 293: mean return (5 inits) = -426.96
2025-10-22 13:04:05,783 INFO Episode 295 | Reward_state: -271.997047 | Reward_control: -178.264320 | Reward_obs: -0.000001 | Total Reward: -549.693550 | Min_dis_obs: 0.465676 | 
2025-10-22 13:04:23,227 INFO [Eval] Epoch 294: mean return (5 inits) = -607.68
2025-10-22 13:04:33,994 INFO Episode 296 | Reward_state: -452.758543 | Reward_control: -23.374921 | Reward_obs: -0.000000 | Total Reward: -513.194978 | Min_dis_obs: 0.609811 | 
2025-10-22 13:04:51,863 INFO [Eval] Epoch 295: mean return (5 inits) = -723.52
2025-10-22 13:05:05,520 INFO Episode 297 | Reward_state: -229.033729 | Reward_control: -103.044485 | Reward_obs: -1.073839 | Total Reward: -599.268916 | Min_dis_obs: 0.264563 | 
2025-10-22 13:05:26,088 INFO [Eval] Epoch 296: mean return (5 inits) = -839.24
2025-10-22 13:05:36,632 INFO Episode 298 | Reward_state: -514.040655 | Reward_control: -98.779952 | Reward_obs: -0.000000 | Total Reward: -698.403898 | Min_dis_obs: 0.938791 | 
2025-10-22 13:05:55,087 INFO [Eval] Epoch 297: mean return (5 inits) = -505.21
2025-10-22 13:06:05,082 INFO Episode 299 | Reward_state: -180.103378 | Reward_control: -108.714605 | Reward_obs: -195.972231 | Total Reward: -832.304767 | Min_dis_obs: 0.129669 | 
2025-10-22 13:06:24,761 INFO [Eval] Epoch 298: mean return (5 inits) = -537.19
2025-10-22 13:06:35,788 INFO Episode 300 | Reward_state: -363.341577 | Reward_control: -20.444666 | Reward_obs: -0.000000 | Total Reward: -442.133405 | Min_dis_obs: 0.586783 | 
2025-10-22 13:06:55,398 INFO [Eval] Epoch 299: mean return (5 inits) = -562.83
2025-10-22 13:06:55,398 INFO Training complete. Best mean return = -79.84
2025-10-22 13:06:55,398 INFO Best checkpoint path: /Users/danilo/Library/CloudStorage/OneDrive-epfl.ch/Drive/EPFL/Progetti attivi/PSF_PB_nonoise/results/PSF_SSM_NS_10_22_10_42_51/model_best.pth
2025-10-22 13:06:55,977 INFO Saved final rewards curve plot → /Users/danilo/Library/CloudStorage/OneDrive-epfl.ch/Drive/EPFL/Progetti attivi/PSF_PB_nonoise/results/PSF_SSM_NS_10_22_10_42_51/rewards_curve.png
2025-10-22 13:06:55,977 INFO ------------ Training complete ------------
2025-10-22 13:07:07,121 INFO Saved 'after training' plots into /Users/danilo/Library/CloudStorage/OneDrive-epfl.ch/Drive/EPFL/Progetti attivi/PSF_PB_nonoise/results/PSF_SSM_NS_10_22_10_42_51/after_training/*
2025-10-22 13:07:20,061 INFO Saved comparison plots →
  /Users/danilo/Library/CloudStorage/OneDrive-epfl.ch/Drive/EPFL/Progetti attivi/PSF_PB_nonoise/results/PSF_SSM_NS_10_22_10_42_51/comparison_theta_obstacle.png
  /Users/danilo/Library/CloudStorage/OneDrive-epfl.ch/Drive/EPFL/Progetti attivi/PSF_PB_nonoise/results/PSF_SSM_NS_10_22_10_42_51/comparison_rho.png
  /Users/danilo/Library/CloudStorage/OneDrive-epfl.ch/Drive/EPFL/Progetti attivi/PSF_PB_nonoise/results/PSF_SSM_NS_10_22_10_42_51/comparison_Jstar.png
